{"/Users/joel/Workspace/purescript-roman/output/Test.Main/index.js":{"path":"/Users/joel/Workspace/purescript-roman/output/Test.Main/index.js","statementMap":{"0":{"start":{"line":3,"column":19},"end":{"line":3,"column":54}},"1":{"start":{"line":4,"column":20},"end":{"line":4,"column":56}},"2":{"start":{"line":5,"column":19},"end":{"line":5,"column":54}},"3":{"start":{"line":6,"column":19},"end":{"line":6,"column":54}},"4":{"start":{"line":7,"column":11},"end":{"line":12,"column":1}},"5":{"start":{"line":8,"column":4},"end":{"line":8,"column":31}},"6":{"start":{"line":9,"column":4},"end":{"line":9,"column":31}},"7":{"start":{"line":10,"column":4},"end":{"line":10,"column":33}},"8":{"start":{"line":11,"column":4},"end":{"line":11,"column":38}},"9":{"start":{"line":13,"column":0},"end":{"line":15,"column":2}}},"fnMap":{"0":{"name":"__do","decl":{"start":{"line":7,"column":20},"end":{"line":7,"column":24}},"loc":{"start":{"line":7,"column":27},"end":{"line":12,"column":1}},"line":7}},"branchMap":{},"s":{"0":1,"1":1,"2":1,"3":1,"4":1,"5":1,"6":1,"7":1,"8":1,"9":1},"f":{"0":1},"b":{},"_coverageSchema":"1a1c01bbd47fc00a2c39e90264f33305004495a9","hash":"c37f130c2d4499f28a498f6e96824ae9c40a9afe","contentHash":"ea6d74e7e5a4bf526f1a7ea5a8a47749d66990090bc4d3d86a70f06a2a7f660c"},"/Users/joel/Workspace/purescript-roman/output/Test.Convert/index.js":{"path":"/Users/joel/Workspace/purescript-roman/output/Test.Convert/index.js","statementMap":{"0":{"start":{"line":3,"column":26},"end":{"line":3,"column":68}},"1":{"start":{"line":4,"column":19},"end":{"line":4,"column":54}},"2":{"start":{"line":5,"column":17},"end":{"line":5,"column":50}},"3":{"start":{"line":6,"column":14},"end":{"line":6,"column":44}},"4":{"start":{"line":7,"column":20},"end":{"line":7,"column":56}},"5":{"start":{"line":8,"column":18},"end":{"line":8,"column":52}},"6":{"start":{"line":9,"column":25},"end":{"line":9,"column":66}},"7":{"start":{"line":10,"column":16},"end":{"line":10,"column":48}},"8":{"start":{"line":11,"column":25},"end":{"line":11,"column":66}},"9":{"start":{"line":12,"column":13},"end":{"line":12,"column":42}},"10":{"start":{"line":13,"column":20},"end":{"line":13,"column":56}},"11":{"start":{"line":14,"column":19},"end":{"line":14,"column":54}},"12":{"start":{"line":15,"column":18},"end":{"line":15,"column":52}},"13":{"start":{"line":16,"column":14},"end":{"line":26,"column":1}},"14":{"start":{"line":17,"column":19},"end":{"line":24,"column":5}},"15":{"start":{"line":18,"column":8},"end":{"line":23,"column":10}},"16":{"start":{"line":19,"column":12},"end":{"line":22,"column":14}},"17":{"start":{"line":20,"column":16},"end":{"line":20,"column":22}},"18":{"start":{"line":21,"column":16},"end":{"line":21,"column":27}},"19":{"start":{"line":25,"column":4},"end":{"line":25,"column":140}},"20":{"start":{"line":27,"column":14},"end":{"line":27,"column":38}},"21":{"start":{"line":28,"column":19},"end":{"line":31,"column":1}},"22":{"start":{"line":29,"column":14},"end":{"line":29,"column":88}},"23":{"start":{"line":30,"column":4},"end":{"line":30,"column":46}},"24":{"start":{"line":32,"column":20},"end":{"line":40,"column":1}},"25":{"start":{"line":33,"column":19},"end":{"line":33,"column":33}},"26":{"start":{"line":34,"column":4},"end":{"line":39,"column":10}},"27":{"start":{"line":35,"column":8},"end":{"line":38,"column":12}},"28":{"start":{"line":41,"column":18},"end":{"line":49,"column":1}},"29":{"start":{"line":42,"column":19},"end":{"line":42,"column":33}},"30":{"start":{"line":43,"column":4},"end":{"line":48,"column":10}},"31":{"start":{"line":44,"column":8},"end":{"line":47,"column":12}},"32":{"start":{"line":50,"column":18},"end":{"line":53,"column":1}},"33":{"start":{"line":51,"column":4},"end":{"line":51,"column":18}},"34":{"start":{"line":52,"column":4},"end":{"line":52,"column":27}},"35":{"start":{"line":54,"column":0},"end":{"line":61,"column":2}}},"fnMap":{"0":{"name":"(anonymous_0)","decl":{"start":{"line":16,"column":14},"end":{"line":16,"column":15}},"loc":{"start":{"line":16,"column":29},"end":{"line":26,"column":1}},"line":16},"1":{"name":"(anonymous_1)","decl":{"start":{"line":17,"column":19},"end":{"line":17,"column":20}},"loc":{"start":{"line":17,"column":34},"end":{"line":24,"column":5}},"line":17},"2":{"name":"(anonymous_2)","decl":{"start":{"line":18,"column":15},"end":{"line":18,"column":16}},"loc":{"start":{"line":18,"column":28},"end":{"line":23,"column":9}},"line":18},"3":{"name":"__do","decl":{"start":{"line":19,"column":28},"end":{"line":19,"column":32}},"loc":{"start":{"line":19,"column":35},"end":{"line":22,"column":13}},"line":19},"4":{"name":"__do","decl":{"start":{"line":28,"column":28},"end":{"line":28,"column":32}},"loc":{"start":{"line":28,"column":35},"end":{"line":31,"column":1}},"line":28},"5":{"name":"__do","decl":{"start":{"line":32,"column":29},"end":{"line":32,"column":33}},"loc":{"start":{"line":32,"column":36},"end":{"line":40,"column":1}},"line":32},"6":{"name":"(anonymous_6)","decl":{"start":{"line":34,"column":96},"end":{"line":34,"column":97}},"loc":{"start":{"line":34,"column":109},"end":{"line":39,"column":5}},"line":34},"7":{"name":"__do","decl":{"start":{"line":41,"column":27},"end":{"line":41,"column":31}},"loc":{"start":{"line":41,"column":34},"end":{"line":49,"column":1}},"line":41},"8":{"name":"(anonymous_8)","decl":{"start":{"line":43,"column":96},"end":{"line":43,"column":97}},"loc":{"start":{"line":43,"column":109},"end":{"line":48,"column":5}},"line":43},"9":{"name":"__do","decl":{"start":{"line":50,"column":27},"end":{"line":50,"column":31}},"loc":{"start":{"line":50,"column":34},"end":{"line":53,"column":1}},"line":50}},"branchMap":{},"s":{"0":1,"1":1,"2":1,"3":1,"4":1,"5":1,"6":1,"7":1,"8":1,"9":1,"10":1,"11":1,"12":1,"13":1,"14":2,"15":300,"16":300,"17":300,"18":300,"19":2,"20":1,"21":1,"22":2,"23":2,"24":1,"25":1,"26":1,"27":150,"28":1,"29":1,"30":1,"31":150,"32":1,"33":1,"34":1,"35":1},"f":{"0":2,"1":300,"2":300,"3":300,"4":2,"5":1,"6":150,"7":1,"8":150,"9":1},"b":{},"inputSourceMap":{"mappings":";;AAAA;AAAA;AAAA;AAAA;AAAA;AAAA;AAAA;AAAA;AAAA;AAAA;AAAA;AAAA;AAAA;AAmDA,cAAA;IAGE,eAAA;eAAA;mBACE;gBAAK;uBACL;;;;4DAJgB,2EAAgB;;AAjCpC,+BACgB,GAAE;AAElB,mBAEE;kEAAyB;oCACX,KAAa;;AAc7B,oBAEE;mBAAY;WACZ,iEAE0B,SAAQ,WAA5B;QAAC,gIAGK;iDAHN;sBAAA;;;;AAjBR,kBAEE;mBAAY;WACZ,iEAE0B,SAAQ,WAA5B;QAAC,sIAGK;+CAHN;sBAAA;;;;AAlBR,kBAEE;IAAA;WACA","sources":["../../test/Convert.purs"],"names":[],"version":3,"file":"index.js"},"_coverageSchema":"1a1c01bbd47fc00a2c39e90264f33305004495a9","hash":"ec70d5e377bb5fbb11567a5490ee6716b186b831","contentHash":"4fdd1b24519e050aeb28c61411970042c220665c52aa1715e63b8594c0ffec2c"},"/Users/joel/Workspace/purescript-roman/output/Control.Category/index.js":{"path":"/Users/joel/Workspace/purescript-roman/output/Control.Category/index.js","statementMap":{"0":{"start":{"line":3,"column":27},"end":{"line":3,"column":70}},"1":{"start":{"line":4,"column":15},"end":{"line":7,"column":1}},"2":{"start":{"line":5,"column":4},"end":{"line":5,"column":39}},"3":{"start":{"line":6,"column":4},"end":{"line":6,"column":29}},"4":{"start":{"line":8,"column":15},"end":{"line":10,"column":1}},"5":{"start":{"line":9,"column":4},"end":{"line":9,"column":25}},"6":{"start":{"line":11,"column":17},"end":{"line":15,"column":2}},"7":{"start":{"line":12,"column":4},"end":{"line":12,"column":47}},"8":{"start":{"line":14,"column":4},"end":{"line":14,"column":13}},"9":{"start":{"line":16,"column":0},"end":{"line":20,"column":2}}},"fnMap":{"0":{"name":"(anonymous_0)","decl":{"start":{"line":4,"column":15},"end":{"line":4,"column":16}},"loc":{"start":{"line":4,"column":50},"end":{"line":7,"column":1}},"line":4},"1":{"name":"(anonymous_1)","decl":{"start":{"line":8,"column":15},"end":{"line":8,"column":16}},"loc":{"start":{"line":8,"column":31},"end":{"line":10,"column":1}},"line":8},"2":{"name":"(anonymous_2)","decl":{"start":{"line":11,"column":30},"end":{"line":11,"column":31}},"loc":{"start":{"line":11,"column":42},"end":{"line":13,"column":1}},"line":11},"3":{"name":"(anonymous_3)","decl":{"start":{"line":13,"column":3},"end":{"line":13,"column":4}},"loc":{"start":{"line":13,"column":16},"end":{"line":15,"column":1}},"line":13}},"branchMap":{},"s":{"0":1,"1":1,"2":1,"3":1,"4":1,"5":2935,"6":1,"7":0,"8":2656,"9":1},"f":{"0":1,"1":2935,"2":0,"3":2656},"b":{},"inputSourceMap":{"mappings":";;AAAA;AAeA,eAAA;;;;AACE,eAAA;WAAA;;AAEF,8BAAA;;GAAA;WACe","sources":["../../.spago/prelude/v4.1.1/src/Control/Category.purs"],"names":[],"version":3,"file":"index.js"},"_coverageSchema":"1a1c01bbd47fc00a2c39e90264f33305004495a9","hash":"0e90f565b62f8cac8dadaf354c966921f1d7a358","contentHash":"3808229b2d7345a65aaa4e93afd532f5a294d4e47bcaf5c96206ffe76e1675eb"},"/Users/joel/Workspace/purescript-roman/output/Data.Function/index.js":{"path":"/Users/joel/Workspace/purescript-roman/output/Data.Function/index.js","statementMap":{"0":{"start":{"line":3,"column":19},"end":{"line":3,"column":54}},"1":{"start":{"line":4,"column":9},"end":{"line":12,"column":1}},"2":{"start":{"line":5,"column":4},"end":{"line":11,"column":6}},"3":{"start":{"line":6,"column":8},"end":{"line":10,"column":10}},"4":{"start":{"line":7,"column":12},"end":{"line":9,"column":14}},"5":{"start":{"line":8,"column":16},"end":{"line":8,"column":37}},"6":{"start":{"line":13,"column":11},"end":{"line":19,"column":1}},"7":{"start":{"line":14,"column":4},"end":{"line":18,"column":6}},"8":{"start":{"line":15,"column":8},"end":{"line":17,"column":10}},"9":{"start":{"line":16,"column":12},"end":{"line":16,"column":27}},"10":{"start":{"line":20,"column":14},"end":{"line":24,"column":1}},"11":{"start":{"line":21,"column":4},"end":{"line":23,"column":6}},"12":{"start":{"line":22,"column":8},"end":{"line":22,"column":17}},"13":{"start":{"line":25,"column":13},"end":{"line":50,"column":1}},"14":{"start":{"line":26,"column":13},"end":{"line":48,"column":5}},"15":{"start":{"line":27,"column":8},"end":{"line":47,"column":10}},"16":{"start":{"line":28,"column":29},"end":{"line":28,"column":36}},"17":{"start":{"line":29,"column":28},"end":{"line":29,"column":33}},"18":{"start":{"line":32,"column":16},"end":{"line":35,"column":17}},"19":{"start":{"line":33,"column":20},"end":{"line":33,"column":37}},"20":{"start":{"line":34,"column":20},"end":{"line":34,"column":31}},"21":{"start":{"line":36,"column":16},"end":{"line":40,"column":17}},"22":{"start":{"line":37,"column":20},"end":{"line":37,"column":43}},"23":{"start":{"line":38,"column":20},"end":{"line":38,"column":39}},"24":{"start":{"line":39,"column":20},"end":{"line":39,"column":27}},"25":{"start":{"line":41,"column":16},"end":{"line":41,"column":163}},"26":{"start":{"line":43,"column":12},"end":{"line":45,"column":13}},"27":{"start":{"line":44,"column":16},"end":{"line":44,"column":63}},"28":{"start":{"line":46,"column":12},"end":{"line":46,"column":31}},"29":{"start":{"line":49,"column":4},"end":{"line":49,"column":14}},"30":{"start":{"line":51,"column":19},"end":{"line":55,"column":1}},"31":{"start":{"line":52,"column":4},"end":{"line":54,"column":6}},"32":{"start":{"line":53,"column":8},"end":{"line":53,"column":20}},"33":{"start":{"line":56,"column":12},"end":{"line":60,"column":1}},"34":{"start":{"line":57,"column":4},"end":{"line":59,"column":6}},"35":{"start":{"line":58,"column":8},"end":{"line":58,"column":20}},"36":{"start":{"line":61,"column":0},"end":{"line":68,"column":2}}},"fnMap":{"0":{"name":"(anonymous_0)","decl":{"start":{"line":4,"column":9},"end":{"line":4,"column":10}},"loc":{"start":{"line":4,"column":22},"end":{"line":12,"column":1}},"line":4},"1":{"name":"(anonymous_1)","decl":{"start":{"line":5,"column":11},"end":{"line":5,"column":12}},"loc":{"start":{"line":5,"column":24},"end":{"line":11,"column":5}},"line":5},"2":{"name":"(anonymous_2)","decl":{"start":{"line":6,"column":15},"end":{"line":6,"column":16}},"loc":{"start":{"line":6,"column":28},"end":{"line":10,"column":9}},"line":6},"3":{"name":"(anonymous_3)","decl":{"start":{"line":7,"column":19},"end":{"line":7,"column":20}},"loc":{"start":{"line":7,"column":32},"end":{"line":9,"column":13}},"line":7},"4":{"name":"(anonymous_4)","decl":{"start":{"line":13,"column":11},"end":{"line":13,"column":12}},"loc":{"start":{"line":13,"column":24},"end":{"line":19,"column":1}},"line":13},"5":{"name":"(anonymous_5)","decl":{"start":{"line":14,"column":11},"end":{"line":14,"column":12}},"loc":{"start":{"line":14,"column":24},"end":{"line":18,"column":5}},"line":14},"6":{"name":"(anonymous_6)","decl":{"start":{"line":15,"column":15},"end":{"line":15,"column":16}},"loc":{"start":{"line":15,"column":28},"end":{"line":17,"column":9}},"line":15},"7":{"name":"(anonymous_7)","decl":{"start":{"line":20,"column":14},"end":{"line":20,"column":15}},"loc":{"start":{"line":20,"column":27},"end":{"line":24,"column":1}},"line":20},"8":{"name":"(anonymous_8)","decl":{"start":{"line":21,"column":11},"end":{"line":21,"column":12}},"loc":{"start":{"line":21,"column":24},"end":{"line":23,"column":5}},"line":21},"9":{"name":"(anonymous_9)","decl":{"start":{"line":25,"column":13},"end":{"line":25,"column":14}},"loc":{"start":{"line":25,"column":26},"end":{"line":50,"column":1}},"line":25},"10":{"name":"(anonymous_10)","decl":{"start":{"line":26,"column":13},"end":{"line":26,"column":14}},"loc":{"start":{"line":26,"column":32},"end":{"line":48,"column":5}},"line":26},"11":{"name":"(anonymous_11)","decl":{"start":{"line":27,"column":15},"end":{"line":27,"column":16}},"loc":{"start":{"line":27,"column":36},"end":{"line":47,"column":9}},"line":27},"12":{"name":"$tco_loop","decl":{"start":{"line":31,"column":21},"end":{"line":31,"column":30}},"loc":{"start":{"line":31,"column":39},"end":{"line":42,"column":13}},"line":31},"13":{"name":"(anonymous_13)","decl":{"start":{"line":51,"column":19},"end":{"line":51,"column":20}},"loc":{"start":{"line":51,"column":32},"end":{"line":55,"column":1}},"line":51},"14":{"name":"(anonymous_14)","decl":{"start":{"line":52,"column":11},"end":{"line":52,"column":12}},"loc":{"start":{"line":52,"column":24},"end":{"line":54,"column":5}},"line":52},"15":{"name":"(anonymous_15)","decl":{"start":{"line":56,"column":12},"end":{"line":56,"column":13}},"loc":{"start":{"line":56,"column":25},"end":{"line":60,"column":1}},"line":56},"16":{"name":"(anonymous_16)","decl":{"start":{"line":57,"column":11},"end":{"line":57,"column":12}},"loc":{"start":{"line":57,"column":24},"end":{"line":59,"column":5}},"line":57}},"branchMap":{"0":{"loc":{"start":{"line":32,"column":16},"end":{"line":35,"column":17}},"type":"if","locations":[{"start":{"line":32,"column":16},"end":{"line":35,"column":17}},{"start":{"line":32,"column":16},"end":{"line":35,"column":17}}],"line":32},"1":{"loc":{"start":{"line":36,"column":16},"end":{"line":40,"column":17}},"type":"if","locations":[{"start":{"line":36,"column":16},"end":{"line":40,"column":17}},{"start":{"line":36,"column":16},"end":{"line":40,"column":17}}],"line":36}},"s":{"0":1,"1":1,"2":0,"3":0,"4":0,"5":0,"6":1,"7":2920,"8":1735,"9":1733,"10":1,"11":756,"12":9991,"13":1,"14":0,"15":0,"16":0,"17":0,"18":0,"19":0,"20":0,"21":0,"22":0,"23":0,"24":0,"25":0,"26":0,"27":0,"28":0,"29":0,"30":1,"31":0,"32":0,"33":1,"34":0,"35":0,"36":1},"f":{"0":0,"1":0,"2":0,"3":0,"4":2920,"5":1735,"6":1733,"7":756,"8":9991,"9":0,"10":0,"11":0,"12":0,"13":0,"14":0,"15":0,"16":0},"b":{"0":[0,0],"1":[0,0]},"inputSourceMap":{"mappings":";;AAAA;AAyGA,SAAA;WAAA;eAAA;mBAAA;uBACkB,EAAL,EAAE,IAAM,EAAE;;;;;AAtFvB,WAAA;WAAA;eAAA;mBACa,EAAE,GAAE;;;;AAOjB,cAAA;WAAA;eACY;;;AA6DZ,aAAA;IAGE,SAAA;eAAA;;;;;gBAAG,IAAH,KACS;;2BADT;;gBAAG;iCAAH,IAEwB,IAAJ;gCAAQ,EAF5B;;;uHAAA,oBAAA;;;;;;;;WAFS;;AA/BX,mBAAA;WAAA;eACmB,EAAE;;;AA3BrB,YAAA;WAAA;eACY,EAAE","sources":["../../.spago/prelude/v4.1.1/src/Data/Function.purs"],"names":[],"version":3,"file":"index.js"},"_coverageSchema":"1a1c01bbd47fc00a2c39e90264f33305004495a9","hash":"ba0be1307d23dbd15fd93951535bcabacb4ca58e","contentHash":"cd122414ccbee0947c175951244fc5d3b09b8a317d2046710665d032a40181bc"},"/Users/joel/Workspace/purescript-roman/output/Data.Boolean/index.js":{"path":"/Users/joel/Workspace/purescript-roman/output/Data.Boolean/index.js","statementMap":{"0":{"start":{"line":3,"column":16},"end":{"line":3,"column":20}},"1":{"start":{"line":4,"column":0},"end":{"line":6,"column":2}}},"fnMap":{},"branchMap":{},"s":{"0":1,"1":1},"f":{},"b":{},"inputSourceMap":{"mappings":";;AAQA,gBACY","sources":["../../.spago/prelude/v4.1.1/src/Data/Boolean.purs"],"names":[],"version":3,"file":"index.js"},"_coverageSchema":"1a1c01bbd47fc00a2c39e90264f33305004495a9","hash":"dc1d4d2d8261e6062b2eebcb7054fdc5b3b74b5b","contentHash":"76ce78633b73d6c9c7e89f9e927274fa811c7f0080c70447a897f752a5d7585f"},"/Users/joel/Workspace/purescript-roman/output/Data.Unit/index.js":{"path":"/Users/joel/Workspace/purescript-roman/output/Data.Unit/index.js","statementMap":{"0":{"start":{"line":3,"column":15},"end":{"line":3,"column":38}},"1":{"start":{"line":4,"column":16},"end":{"line":4,"column":48}},"2":{"start":{"line":5,"column":15},"end":{"line":7,"column":2}},"3":{"start":{"line":6,"column":4},"end":{"line":6,"column":18}},"4":{"start":{"line":8,"column":0},"end":{"line":11,"column":2}}},"fnMap":{"0":{"name":"(anonymous_0)","decl":{"start":{"line":5,"column":34},"end":{"line":5,"column":35}},"loc":{"start":{"line":5,"column":47},"end":{"line":7,"column":1}},"line":5}},"branchMap":{},"s":{"0":1,"1":1,"2":1,"3":0,"4":1},"f":{"0":0},"b":{},"inputSourceMap":{"mappings":";;;AAAA;AAcA,kCAAA;WACW","sources":["../../.spago/prelude/v4.1.1/src/Data/Unit.purs"],"names":[],"version":3,"file":"index.js"},"_coverageSchema":"1a1c01bbd47fc00a2c39e90264f33305004495a9","hash":"5cc44db22b8e78796213e7d4980a07d4bf6a21b7","contentHash":"2d8d21b54abe9d59bc4d1e66dc4e0af4df3eac61748346b6c39059734df36218"},"/Users/joel/Workspace/purescript-roman/output/Record.Unsafe/index.js":{"path":"/Users/joel/Workspace/purescript-roman/output/Record.Unsafe/index.js","statementMap":{"0":{"start":{"line":3,"column":15},"end":{"line":3,"column":38}},"1":{"start":{"line":4,"column":0},"end":{"line":9,"column":2}}},"fnMap":{},"branchMap":{},"s":{"0":1,"1":1},"f":{},"b":{},"inputSourceMap":{"mappings":"","sources":[],"names":[],"version":3,"file":"index.js"},"_coverageSchema":"1a1c01bbd47fc00a2c39e90264f33305004495a9","hash":"701f4cb4295d4cfb1757554c8d42774738e9b97f","contentHash":"2df2f877a88b091fee59b24f718bb9fe72f8d34e825c468d93421827106569b3"},"/Users/joel/Workspace/purescript-roman/output/Type.Data.RowList/index.js":{"path":"/Users/joel/Workspace/purescript-roman/output/Type.Data.RowList/index.js","statementMap":{"0":{"start":{"line":3,"column":14},"end":{"line":9,"column":4}},"1":{"start":{"line":7,"column":4},"end":{"line":7,"column":34}},"2":{"start":{"line":8,"column":4},"end":{"line":8,"column":19}},"3":{"start":{"line":10,"column":0},"end":{"line":12,"column":2}}},"fnMap":{"0":{"name":"(anonymous_0)","decl":{"start":{"line":3,"column":15},"end":{"line":3,"column":16}},"loc":{"start":{"line":3,"column":27},"end":{"line":9,"column":1}},"line":3},"1":{"name":"RLProxy","decl":{"start":{"line":4,"column":13},"end":{"line":4,"column":20}},"loc":{"start":{"line":4,"column":23},"end":{"line":6,"column":5}},"line":4}},"branchMap":{},"s":{"0":1,"1":1,"2":1,"3":1},"f":{"0":1,"1":1},"b":{},"inputSourceMap":{"mappings":";;AAOA","sources":["../../.spago/prelude/v4.1.1/src/Type/Data/RowList.purs"],"names":[],"version":3,"file":"index.js"},"_coverageSchema":"1a1c01bbd47fc00a2c39e90264f33305004495a9","hash":"a02a2594ffe1bd1c1da0a6375919a528f9a2f6be","contentHash":"4cdb58c1b05a0efab41c6725345c6c2e4fd84c149a260fcb1e6e8fc8be31c5fd"},"/Users/joel/Workspace/purescript-roman/output/Control.Alt/index.js":{"path":"/Users/joel/Workspace/purescript-roman/output/Control.Alt/index.js","statementMap":{"0":{"start":{"line":3,"column":19},"end":{"line":3,"column":54}},"1":{"start":{"line":4,"column":21},"end":{"line":4,"column":58}},"2":{"start":{"line":5,"column":10},"end":{"line":8,"column":1}},"3":{"start":{"line":6,"column":4},"end":{"line":6,"column":29}},"4":{"start":{"line":7,"column":4},"end":{"line":7,"column":19}},"5":{"start":{"line":9,"column":15},"end":{"line":11,"column":56}},"6":{"start":{"line":10,"column":4},"end":{"line":10,"column":37}},"7":{"start":{"line":12,"column":10},"end":{"line":14,"column":1}},"8":{"start":{"line":13,"column":4},"end":{"line":13,"column":20}},"9":{"start":{"line":15,"column":0},"end":{"line":19,"column":2}}},"fnMap":{"0":{"name":"(anonymous_0)","decl":{"start":{"line":5,"column":10},"end":{"line":5,"column":11}},"loc":{"start":{"line":5,"column":35},"end":{"line":8,"column":1}},"line":5},"1":{"name":"(anonymous_1)","decl":{"start":{"line":9,"column":23},"end":{"line":9,"column":24}},"loc":{"start":{"line":9,"column":35},"end":{"line":11,"column":1}},"line":9},"2":{"name":"(anonymous_2)","decl":{"start":{"line":12,"column":10},"end":{"line":12,"column":11}},"loc":{"start":{"line":12,"column":26},"end":{"line":14,"column":1}},"line":12}},"branchMap":{},"s":{"0":1,"1":1,"2":1,"3":10,"4":10,"5":1,"6":0,"7":1,"8":0,"9":1},"f":{"0":10,"1":0,"2":0},"b":{},"inputSourceMap":{"mappings":";;AAAA;AAAA;AAoBA,UAAA;;;;AAKA,uBAAA;;;AAJE,UAAA;WAAA","sources":["../../.spago/control/v4.2.0/src/Control/Alt.purs"],"names":[],"version":3,"file":"index.js"},"_coverageSchema":"1a1c01bbd47fc00a2c39e90264f33305004495a9","hash":"222f769dbef3a0cf25eab319956e5119c45bbbb6","contentHash":"5f5343f9a7a07a5698d51843e269b78d7cdbf3adbf7152177f6c04c363eaac77"},"/Users/joel/Workspace/purescript-roman/output/Data.Void/index.js":{"path":"/Users/joel/Workspace/purescript-roman/output/Data.Void/index.js","statementMap":{"0":{"start":{"line":3,"column":16},"end":{"line":3,"column":48}},"1":{"start":{"line":4,"column":11},"end":{"line":6,"column":1}},"2":{"start":{"line":5,"column":4},"end":{"line":5,"column":13}},"3":{"start":{"line":7,"column":13},"end":{"line":20,"column":1}},"4":{"start":{"line":8,"column":15},"end":{"line":18,"column":5}},"5":{"start":{"line":11,"column":12},"end":{"line":11,"column":24}},"6":{"start":{"line":12,"column":12},"end":{"line":12,"column":19}},"7":{"start":{"line":14,"column":8},"end":{"line":16,"column":9}},"8":{"start":{"line":15,"column":12},"end":{"line":15,"column":45}},"9":{"start":{"line":17,"column":8},"end":{"line":17,"column":27}},"10":{"start":{"line":19,"column":4},"end":{"line":19,"column":19}},"11":{"start":{"line":21,"column":15},"end":{"line":21,"column":41}},"12":{"start":{"line":22,"column":0},"end":{"line":25,"column":2}}},"fnMap":{"0":{"name":"(anonymous_0)","decl":{"start":{"line":4,"column":11},"end":{"line":4,"column":12}},"loc":{"start":{"line":4,"column":24},"end":{"line":6,"column":1}},"line":4},"1":{"name":"(anonymous_1)","decl":{"start":{"line":7,"column":13},"end":{"line":7,"column":14}},"loc":{"start":{"line":7,"column":26},"end":{"line":20,"column":1}},"line":7},"2":{"name":"(anonymous_2)","decl":{"start":{"line":8,"column":15},"end":{"line":8,"column":16}},"loc":{"start":{"line":8,"column":34},"end":{"line":18,"column":5}},"line":8},"3":{"name":"$tco_loop","decl":{"start":{"line":10,"column":17},"end":{"line":10,"column":26}},"loc":{"start":{"line":10,"column":30},"end":{"line":13,"column":9}},"line":10}},"branchMap":{},"s":{"0":1,"1":1,"2":0,"3":1,"4":0,"5":0,"6":0,"7":0,"8":0,"9":0,"10":0,"11":1,"12":1},"f":{"0":0,"1":0,"2":0,"3":0},"b":{},"inputSourceMap":{"mappings":";;AAAA;AASA,WAAA;WAAA;;AAcA,aAAA;IAGE,WAAA;;;YAAM,AAAA,UAAN;YAAM;;;;;;;WAFG,KAAK;;AAbhB,kCACS","sources":["../../.spago/prelude/v4.1.1/src/Data/Void.purs"],"names":[],"version":3,"file":"index.js"},"_coverageSchema":"1a1c01bbd47fc00a2c39e90264f33305004495a9","hash":"2cfae51f76ccd20a05a57c9ebb575dc7d0bab757","contentHash":"37d3572009fc41e006a69cc18b2591ebea5f19064e77f7a6bf4bd5ee627da3d1"},"/Users/joel/Workspace/purescript-roman/output/Control.Plus/index.js":{"path":"/Users/joel/Workspace/purescript-roman/output/Control.Plus/index.js","statementMap":{"0":{"start":{"line":3,"column":18},"end":{"line":3,"column":52}},"1":{"start":{"line":4,"column":11},"end":{"line":7,"column":1}},"2":{"start":{"line":5,"column":4},"end":{"line":5,"column":21}},"3":{"start":{"line":6,"column":4},"end":{"line":6,"column":23}},"4":{"start":{"line":8,"column":16},"end":{"line":10,"column":8}},"5":{"start":{"line":9,"column":4},"end":{"line":9,"column":32}},"6":{"start":{"line":11,"column":12},"end":{"line":13,"column":1}},"7":{"start":{"line":12,"column":4},"end":{"line":12,"column":22}},"8":{"start":{"line":14,"column":0},"end":{"line":18,"column":2}}},"fnMap":{"0":{"name":"(anonymous_0)","decl":{"start":{"line":4,"column":11},"end":{"line":4,"column":12}},"loc":{"start":{"line":4,"column":34},"end":{"line":7,"column":1}},"line":4},"1":{"name":"(anonymous_1)","decl":{"start":{"line":8,"column":25},"end":{"line":8,"column":26}},"loc":{"start":{"line":8,"column":37},"end":{"line":10,"column":1}},"line":8},"2":{"name":"(anonymous_2)","decl":{"start":{"line":11,"column":12},"end":{"line":11,"column":13}},"loc":{"start":{"line":11,"column":28},"end":{"line":13,"column":1}},"line":11}},"branchMap":{},"s":{"0":1,"1":1,"2":6,"3":6,"4":1,"5":0,"6":1,"7":0,"8":1},"f":{"0":6,"1":0,"2":0},"b":{},"inputSourceMap":{"mappings":";;AAAA;AAsBA,WAAA;;;;AAGA,yBAAA;;GACU;AAHR,YAAA;WAAA","sources":["../../.spago/control/v4.2.0/src/Control/Plus.purs"],"names":[],"version":3,"file":"index.js"},"_coverageSchema":"1a1c01bbd47fc00a2c39e90264f33305004495a9","hash":"c5034a55fd6c481381702db40e542f52c060624e","contentHash":"14fe3b0af3972527d16ad23faaff42a864d9162076fd464407c037d1bb560d93"},"/Users/joel/Workspace/purescript-roman/output/Type.Data.Row/index.js":{"path":"/Users/joel/Workspace/purescript-roman/output/Type.Data.Row/index.js","statementMap":{"0":{"start":{"line":3,"column":13},"end":{"line":9,"column":4}},"1":{"start":{"line":7,"column":4},"end":{"line":7,"column":32}},"2":{"start":{"line":8,"column":4},"end":{"line":8,"column":18}},"3":{"start":{"line":10,"column":0},"end":{"line":12,"column":2}}},"fnMap":{"0":{"name":"(anonymous_0)","decl":{"start":{"line":3,"column":14},"end":{"line":3,"column":15}},"loc":{"start":{"line":3,"column":26},"end":{"line":9,"column":1}},"line":3},"1":{"name":"RProxy","decl":{"start":{"line":4,"column":13},"end":{"line":4,"column":19}},"loc":{"start":{"line":4,"column":22},"end":{"line":6,"column":5}},"line":4}},"branchMap":{},"s":{"0":1,"1":1,"2":1,"3":1},"f":{"0":1,"1":1},"b":{},"inputSourceMap":{"mappings":";;AAkBA","sources":["../../.spago/prelude/v4.1.1/src/Type/Data/Row.purs"],"names":[],"version":3,"file":"index.js"},"_coverageSchema":"1a1c01bbd47fc00a2c39e90264f33305004495a9","hash":"fbd517770d2e0080b421c972fd49cbf49a59cb98","contentHash":"ef9c154ea1bf115f0156c43702dd1a85d6a28bbefaccbed391724788ead447ce"},"/Users/joel/Workspace/purescript-roman/output/Control.Alternative/index.js":{"path":"/Users/joel/Workspace/purescript-roman/output/Control.Alternative/index.js","statementMap":{"0":{"start":{"line":3,"column":26},"end":{"line":3,"column":68}},"1":{"start":{"line":4,"column":19},"end":{"line":4,"column":54}},"2":{"start":{"line":5,"column":18},"end":{"line":8,"column":1}},"3":{"start":{"line":6,"column":4},"end":{"line":6,"column":37}},"4":{"start":{"line":7,"column":4},"end":{"line":7,"column":23}},"5":{"start":{"line":9,"column":23},"end":{"line":13,"column":2}},"6":{"start":{"line":10,"column":4},"end":{"line":10,"column":48}},"7":{"start":{"line":12,"column":4},"end":{"line":12,"column":34}},"8":{"start":{"line":14,"column":0},"end":{"line":17,"column":2}}},"fnMap":{"0":{"name":"(anonymous_0)","decl":{"start":{"line":5,"column":18},"end":{"line":5,"column":19}},"loc":{"start":{"line":5,"column":49},"end":{"line":8,"column":1}},"line":5},"1":{"name":"(anonymous_1)","decl":{"start":{"line":9,"column":39},"end":{"line":9,"column":40}},"loc":{"start":{"line":9,"column":51},"end":{"line":11,"column":1}},"line":9},"2":{"name":"(anonymous_2)","decl":{"start":{"line":11,"column":3},"end":{"line":11,"column":4}},"loc":{"start":{"line":11,"column":15},"end":{"line":13,"column":1}},"line":11}},"branchMap":{},"s":{"0":1,"1":1,"2":1,"3":6,"4":6,"5":1,"6":0,"7":0,"8":1},"f":{"0":6,"1":0,"2":0},"b":{},"inputSourceMap":{"mappings":";;AAAA;AAAA;AAwBA,kBAAA;;;;AAEA,uCAAA;;GAAA","sources":["../../.spago/control/v4.2.0/src/Control/Alternative.purs"],"names":[],"version":3,"file":"index.js"},"_coverageSchema":"1a1c01bbd47fc00a2c39e90264f33305004495a9","hash":"b289cf7b6917654a3ad30862c5c3910fc298131c","contentHash":"cc39f01604b8d0c5751d235b9415324b4e72ea7f69bd93fa18403d8df6ae0f8f"},"/Users/joel/Workspace/purescript-roman/output/Data.Bounded/index.js":{"path":"/Users/joel/Workspace/purescript-roman/output/Data.Bounded/index.js","statementMap":{"0":{"start":{"line":3,"column":15},"end":{"line":3,"column":38}},"1":{"start":{"line":4,"column":15},"end":{"line":4,"column":46}},"2":{"start":{"line":5,"column":20},"end":{"line":5,"column":56}},"3":{"start":{"line":6,"column":16},"end":{"line":6,"column":48}},"4":{"start":{"line":7,"column":14},"end":{"line":11,"column":1}},"5":{"start":{"line":8,"column":4},"end":{"line":8,"column":21}},"6":{"start":{"line":9,"column":4},"end":{"line":9,"column":25}},"7":{"start":{"line":10,"column":4},"end":{"line":10,"column":19}},"8":{"start":{"line":12,"column":10},"end":{"line":14,"column":1}},"9":{"start":{"line":13,"column":4},"end":{"line":13,"column":20}},"10":{"start":{"line":15,"column":18},"end":{"line":17,"column":34}},"11":{"start":{"line":16,"column":4},"end":{"line":16,"column":28}},"12":{"start":{"line":18,"column":22},"end":{"line":20,"column":50}},"13":{"start":{"line":19,"column":4},"end":{"line":19,"column":32}},"14":{"start":{"line":21,"column":20},"end":{"line":23,"column":45}},"15":{"start":{"line":22,"column":4},"end":{"line":22,"column":30}},"16":{"start":{"line":24,"column":17},"end":{"line":26,"column":39}},"17":{"start":{"line":25,"column":4},"end":{"line":25,"column":27}},"18":{"start":{"line":27,"column":18},"end":{"line":29,"column":41}},"19":{"start":{"line":28,"column":4},"end":{"line":28,"column":28}},"20":{"start":{"line":30,"column":21},"end":{"line":32,"column":15}},"21":{"start":{"line":31,"column":4},"end":{"line":31,"column":31}},"22":{"start":{"line":33,"column":13},"end":{"line":35,"column":1}},"23":{"start":{"line":34,"column":4},"end":{"line":34,"column":23}},"24":{"start":{"line":36,"column":0},"end":{"line":46,"column":2}}},"fnMap":{"0":{"name":"(anonymous_0)","decl":{"start":{"line":7,"column":14},"end":{"line":7,"column":15}},"loc":{"start":{"line":7,"column":43},"end":{"line":11,"column":1}},"line":7},"1":{"name":"(anonymous_1)","decl":{"start":{"line":12,"column":10},"end":{"line":12,"column":11}},"loc":{"start":{"line":12,"column":26},"end":{"line":14,"column":1}},"line":12},"2":{"name":"(anonymous_2)","decl":{"start":{"line":15,"column":30},"end":{"line":15,"column":31}},"loc":{"start":{"line":15,"column":42},"end":{"line":17,"column":1}},"line":15},"3":{"name":"(anonymous_3)","decl":{"start":{"line":18,"column":34},"end":{"line":18,"column":35}},"loc":{"start":{"line":18,"column":46},"end":{"line":20,"column":1}},"line":18},"4":{"name":"(anonymous_4)","decl":{"start":{"line":21,"column":32},"end":{"line":21,"column":33}},"loc":{"start":{"line":21,"column":44},"end":{"line":23,"column":1}},"line":21},"5":{"name":"(anonymous_5)","decl":{"start":{"line":24,"column":29},"end":{"line":24,"column":30}},"loc":{"start":{"line":24,"column":41},"end":{"line":26,"column":1}},"line":24},"6":{"name":"(anonymous_6)","decl":{"start":{"line":27,"column":30},"end":{"line":27,"column":31}},"loc":{"start":{"line":27,"column":42},"end":{"line":29,"column":1}},"line":27},"7":{"name":"(anonymous_7)","decl":{"start":{"line":30,"column":33},"end":{"line":30,"column":34}},"loc":{"start":{"line":30,"column":45},"end":{"line":32,"column":1}},"line":30},"8":{"name":"(anonymous_8)","decl":{"start":{"line":33,"column":13},"end":{"line":33,"column":14}},"loc":{"start":{"line":33,"column":29},"end":{"line":35,"column":1}},"line":33}},"branchMap":{},"s":{"0":1,"1":1,"2":1,"3":1,"4":1,"5":20,"6":20,"7":20,"8":1,"9":13,"10":1,"11":0,"12":1,"13":0,"14":1,"15":0,"16":1,"17":0,"18":1,"19":0,"20":1,"21":0,"22":1,"23":13,"24":1},"f":{"0":20,"1":13,"2":0,"3":0,"4":0,"5":0,"6":0,"7":0,"8":13},"b":{},"inputSourceMap":{"mappings":";;;AAAA;AAAA;AAAA;AAgBA,cAAA;;;;;AACE,UAAA;WAAA;;AA6BF,8BAAA;;;AAJA,kCAAA;;;AAWA,gCAAA;;;AA1BA,6BAAA;;;AAQA,8BAAA;;;AAfA,iCAAA;;GAEW,OADH;AAHN,aAAA;WAAA","sources":["../../.spago/prelude/v4.1.1/src/Data/Bounded.purs"],"names":[],"version":3,"file":"index.js"},"_coverageSchema":"1a1c01bbd47fc00a2c39e90264f33305004495a9","hash":"00a6bb6a98f5dddbdc4f90c2eb0a0bda353c1150","contentHash":"60f831b07751f4a9267f8e986b9028d802738703c798ae28420166785394a38d"},"/Users/joel/Workspace/purescript-roman/output/Data.Ordering/index.js":{"path":"/Users/joel/Workspace/purescript-roman/output/Data.Ordering/index.js","statementMap":{"0":{"start":{"line":3,"column":14},"end":{"line":3,"column":44}},"1":{"start":{"line":4,"column":21},"end":{"line":4,"column":58}},"2":{"start":{"line":5,"column":16},"end":{"line":5,"column":48}},"3":{"start":{"line":6,"column":9},"end":{"line":12,"column":4}},"4":{"start":{"line":10,"column":4},"end":{"line":10,"column":24}},"5":{"start":{"line":11,"column":4},"end":{"line":11,"column":14}},"6":{"start":{"line":13,"column":9},"end":{"line":19,"column":4}},"7":{"start":{"line":17,"column":4},"end":{"line":17,"column":24}},"8":{"start":{"line":18,"column":4},"end":{"line":18,"column":14}},"9":{"start":{"line":20,"column":9},"end":{"line":26,"column":4}},"10":{"start":{"line":24,"column":4},"end":{"line":24,"column":24}},"11":{"start":{"line":25,"column":4},"end":{"line":25,"column":14}},"12":{"start":{"line":27,"column":19},"end":{"line":38,"column":2}},"13":{"start":{"line":28,"column":4},"end":{"line":30,"column":5}},"14":{"start":{"line":29,"column":8},"end":{"line":29,"column":20}},"15":{"start":{"line":31,"column":4},"end":{"line":33,"column":5}},"16":{"start":{"line":32,"column":8},"end":{"line":32,"column":20}},"17":{"start":{"line":34,"column":4},"end":{"line":36,"column":5}},"18":{"start":{"line":35,"column":8},"end":{"line":35,"column":20}},"19":{"start":{"line":37,"column":4},"end":{"line":37,"column":129}},"20":{"start":{"line":39,"column":24},"end":{"line":52,"column":2}},"21":{"start":{"line":40,"column":4},"end":{"line":51,"column":6}},"22":{"start":{"line":41,"column":8},"end":{"line":43,"column":9}},"23":{"start":{"line":42,"column":12},"end":{"line":42,"column":28}},"24":{"start":{"line":44,"column":8},"end":{"line":46,"column":9}},"25":{"start":{"line":45,"column":12},"end":{"line":45,"column":28}},"26":{"start":{"line":47,"column":8},"end":{"line":49,"column":9}},"27":{"start":{"line":48,"column":12},"end":{"line":48,"column":22}},"28":{"start":{"line":50,"column":8},"end":{"line":50,"column":154}},"29":{"start":{"line":53,"column":13},"end":{"line":64,"column":1}},"30":{"start":{"line":54,"column":4},"end":{"line":56,"column":5}},"31":{"start":{"line":55,"column":8},"end":{"line":55,"column":24}},"32":{"start":{"line":57,"column":4},"end":{"line":59,"column":5}},"33":{"start":{"line":58,"column":8},"end":{"line":58,"column":24}},"34":{"start":{"line":60,"column":4},"end":{"line":62,"column":5}},"35":{"start":{"line":61,"column":8},"end":{"line":61,"column":24}},"36":{"start":{"line":63,"column":4},"end":{"line":63,"column":129}},"37":{"start":{"line":65,"column":17},"end":{"line":78,"column":2}},"38":{"start":{"line":66,"column":4},"end":{"line":77,"column":6}},"39":{"start":{"line":67,"column":8},"end":{"line":69,"column":9}},"40":{"start":{"line":68,"column":12},"end":{"line":68,"column":24}},"41":{"start":{"line":70,"column":8},"end":{"line":72,"column":9}},"42":{"start":{"line":71,"column":12},"end":{"line":71,"column":24}},"43":{"start":{"line":73,"column":8},"end":{"line":75,"column":9}},"44":{"start":{"line":74,"column":12},"end":{"line":74,"column":24}},"45":{"start":{"line":76,"column":8},"end":{"line":76,"column":21}},"46":{"start":{"line":79,"column":0},"end":{"line":87,"column":2}}},"fnMap":{"0":{"name":"(anonymous_0)","decl":{"start":{"line":6,"column":10},"end":{"line":6,"column":11}},"loc":{"start":{"line":6,"column":22},"end":{"line":12,"column":1}},"line":6},"1":{"name":"LT","decl":{"start":{"line":7,"column":13},"end":{"line":7,"column":15}},"loc":{"start":{"line":7,"column":18},"end":{"line":9,"column":5}},"line":7},"2":{"name":"(anonymous_2)","decl":{"start":{"line":13,"column":10},"end":{"line":13,"column":11}},"loc":{"start":{"line":13,"column":22},"end":{"line":19,"column":1}},"line":13},"3":{"name":"GT","decl":{"start":{"line":14,"column":13},"end":{"line":14,"column":15}},"loc":{"start":{"line":14,"column":18},"end":{"line":16,"column":5}},"line":14},"4":{"name":"(anonymous_4)","decl":{"start":{"line":20,"column":10},"end":{"line":20,"column":11}},"loc":{"start":{"line":20,"column":22},"end":{"line":26,"column":1}},"line":20},"5":{"name":"EQ","decl":{"start":{"line":21,"column":13},"end":{"line":21,"column":15}},"loc":{"start":{"line":21,"column":18},"end":{"line":23,"column":5}},"line":21},"6":{"name":"(anonymous_6)","decl":{"start":{"line":27,"column":38},"end":{"line":27,"column":39}},"loc":{"start":{"line":27,"column":51},"end":{"line":38,"column":1}},"line":27},"7":{"name":"(anonymous_7)","decl":{"start":{"line":39,"column":53},"end":{"line":39,"column":54}},"loc":{"start":{"line":39,"column":66},"end":{"line":52,"column":1}},"line":39},"8":{"name":"(anonymous_8)","decl":{"start":{"line":40,"column":11},"end":{"line":40,"column":12}},"loc":{"start":{"line":40,"column":25},"end":{"line":51,"column":5}},"line":40},"9":{"name":"(anonymous_9)","decl":{"start":{"line":53,"column":13},"end":{"line":53,"column":14}},"loc":{"start":{"line":53,"column":26},"end":{"line":64,"column":1}},"line":53},"10":{"name":"(anonymous_10)","decl":{"start":{"line":65,"column":32},"end":{"line":65,"column":33}},"loc":{"start":{"line":65,"column":45},"end":{"line":78,"column":1}},"line":65},"11":{"name":"(anonymous_11)","decl":{"start":{"line":66,"column":11},"end":{"line":66,"column":12}},"loc":{"start":{"line":66,"column":25},"end":{"line":77,"column":5}},"line":66}},"branchMap":{"0":{"loc":{"start":{"line":28,"column":4},"end":{"line":30,"column":5}},"type":"if","locations":[{"start":{"line":28,"column":4},"end":{"line":30,"column":5}},{"start":{"line":28,"column":4},"end":{"line":30,"column":5}}],"line":28},"1":{"loc":{"start":{"line":31,"column":4},"end":{"line":33,"column":5}},"type":"if","locations":[{"start":{"line":31,"column":4},"end":{"line":33,"column":5}},{"start":{"line":31,"column":4},"end":{"line":33,"column":5}}],"line":31},"2":{"loc":{"start":{"line":34,"column":4},"end":{"line":36,"column":5}},"type":"if","locations":[{"start":{"line":34,"column":4},"end":{"line":36,"column":5}},{"start":{"line":34,"column":4},"end":{"line":36,"column":5}}],"line":34},"3":{"loc":{"start":{"line":41,"column":8},"end":{"line":43,"column":9}},"type":"if","locations":[{"start":{"line":41,"column":8},"end":{"line":43,"column":9}},{"start":{"line":41,"column":8},"end":{"line":43,"column":9}}],"line":41},"4":{"loc":{"start":{"line":44,"column":8},"end":{"line":46,"column":9}},"type":"if","locations":[{"start":{"line":44,"column":8},"end":{"line":46,"column":9}},{"start":{"line":44,"column":8},"end":{"line":46,"column":9}}],"line":44},"5":{"loc":{"start":{"line":47,"column":8},"end":{"line":49,"column":9}},"type":"if","locations":[{"start":{"line":47,"column":8},"end":{"line":49,"column":9}},{"start":{"line":47,"column":8},"end":{"line":49,"column":9}}],"line":47},"6":{"loc":{"start":{"line":54,"column":4},"end":{"line":56,"column":5}},"type":"if","locations":[{"start":{"line":54,"column":4},"end":{"line":56,"column":5}},{"start":{"line":54,"column":4},"end":{"line":56,"column":5}}],"line":54},"7":{"loc":{"start":{"line":57,"column":4},"end":{"line":59,"column":5}},"type":"if","locations":[{"start":{"line":57,"column":4},"end":{"line":59,"column":5}},{"start":{"line":57,"column":4},"end":{"line":59,"column":5}}],"line":57},"8":{"loc":{"start":{"line":60,"column":4},"end":{"line":62,"column":5}},"type":"if","locations":[{"start":{"line":60,"column":4},"end":{"line":62,"column":5}},{"start":{"line":60,"column":4},"end":{"line":62,"column":5}}],"line":60},"9":{"loc":{"start":{"line":67,"column":8},"end":{"line":69,"column":9}},"type":"if","locations":[{"start":{"line":67,"column":8},"end":{"line":69,"column":9}},{"start":{"line":67,"column":8},"end":{"line":69,"column":9}}],"line":67},"10":{"loc":{"start":{"line":67,"column":12},"end":{"line":67,"column":47}},"type":"binary-expr","locations":[{"start":{"line":67,"column":12},"end":{"line":67,"column":27}},{"start":{"line":67,"column":31},"end":{"line":67,"column":47}}],"line":67},"11":{"loc":{"start":{"line":70,"column":8},"end":{"line":72,"column":9}},"type":"if","locations":[{"start":{"line":70,"column":8},"end":{"line":72,"column":9}},{"start":{"line":70,"column":8},"end":{"line":72,"column":9}}],"line":70},"12":{"loc":{"start":{"line":70,"column":12},"end":{"line":70,"column":47}},"type":"binary-expr","locations":[{"start":{"line":70,"column":12},"end":{"line":70,"column":27}},{"start":{"line":70,"column":31},"end":{"line":70,"column":47}}],"line":70},"13":{"loc":{"start":{"line":73,"column":8},"end":{"line":75,"column":9}},"type":"if","locations":[{"start":{"line":73,"column":8},"end":{"line":75,"column":9}},{"start":{"line":73,"column":8},"end":{"line":75,"column":9}}],"line":73},"14":{"loc":{"start":{"line":73,"column":12},"end":{"line":73,"column":47}},"type":"binary-expr","locations":[{"start":{"line":73,"column":12},"end":{"line":73,"column":27}},{"start":{"line":73,"column":31},"end":{"line":73,"column":47}}],"line":73}},"s":{"0":1,"1":1,"2":1,"3":1,"4":1,"5":1,"6":1,"7":1,"8":1,"9":1,"10":1,"11":1,"12":1,"13":0,"14":0,"15":0,"16":0,"17":0,"18":0,"19":0,"20":1,"21":0,"22":0,"23":0,"24":0,"25":0,"26":0,"27":0,"28":0,"29":1,"30":0,"31":0,"32":0,"33":0,"34":0,"35":0,"36":0,"37":1,"38":0,"39":0,"40":0,"41":0,"42":0,"43":0,"44":0,"45":0,"46":1},"f":{"0":1,"1":1,"2":1,"3":1,"4":1,"5":1,"6":0,"7":0,"8":0,"9":0,"10":0,"11":0},"b":{"0":[0,0],"1":[0,0],"2":[0,0],"3":[0,0],"4":[0,0],"5":[0,0],"6":[0,0],"7":[0,0],"8":[0,0],"9":[0,0],"10":[0,0],"11":[0,0],"12":[0,0],"13":[0,0],"14":[0,0]},"inputSourceMap":{"mappings":";;AAAA;AAAA;AAAA;AAYA;;;;;;;AAAA;;;;;;;AAAA;;;;;;;AAaA,sCAAA;IACO,IAAL;eAAU;;IACL,IADL;eACU;;IACL,IAFL;eAEU;;2GAFV;;AANF,qDAAA;WAAA;QACS,IAAP;YAAU;;QACH,IADP;YACU;;QACH,IAFP;YAEU,OAFV;;+GAAA,oBAAA;;;AAWF,aAAA;IACO,IAAP;;;IACO,IADP;;;IAEO,IAFP;;;2GAAA;;AAnBA,gCAAA;WAAA;QACK,IAAH,mBAAA;mBAAW;;QACR,IADH,mBAAA;mBACW;;QACR,IAFH,mBAAA;mBAEW;;QACR,OAAQ","sources":["../../.spago/prelude/v4.1.1/src/Data/Ordering.purs"],"names":[],"version":3,"file":"index.js"},"_coverageSchema":"1a1c01bbd47fc00a2c39e90264f33305004495a9","hash":"74b9ab7c88f89cbf6409ddb3d4bc8263ce007775","contentHash":"3565f48a72869bf2b5ae92464320b84d58f4699a494777a5e17df6c91cb3ffb4"},"/Users/joel/Workspace/purescript-roman/output/Control.Biapplicative/index.js":{"path":"/Users/joel/Workspace/purescript-roman/output/Control.Biapplicative/index.js","statementMap":{"0":{"start":{"line":3,"column":20},"end":{"line":6,"column":1}},"1":{"start":{"line":4,"column":4},"end":{"line":4,"column":29}},"2":{"start":{"line":5,"column":4},"end":{"line":5,"column":25}},"3":{"start":{"line":7,"column":13},"end":{"line":9,"column":1}},"4":{"start":{"line":8,"column":4},"end":{"line":8,"column":23}},"5":{"start":{"line":10,"column":0},"end":{"line":13,"column":2}}},"fnMap":{"0":{"name":"(anonymous_0)","decl":{"start":{"line":3,"column":20},"end":{"line":3,"column":21}},"loc":{"start":{"line":3,"column":48},"end":{"line":6,"column":1}},"line":3},"1":{"name":"(anonymous_1)","decl":{"start":{"line":7,"column":13},"end":{"line":7,"column":14}},"loc":{"start":{"line":7,"column":29},"end":{"line":9,"column":1}},"line":7}},"branchMap":{},"s":{"0":1,"1":1,"2":1,"3":1,"4":0,"5":1},"f":{"0":1,"1":0},"b":{},"inputSourceMap":{"mappings":";;AAMA,oBAAA;;;;AACE,aAAA;WAAA","sources":["../../.spago/bifunctors/v4.0.0/src/Control/Biapplicative.purs"],"names":[],"version":3,"file":"index.js"},"_coverageSchema":"1a1c01bbd47fc00a2c39e90264f33305004495a9","hash":"9f12aa45ad6b370ff4f59f2af72aa1860afb2c78","contentHash":"aad1eeeb536b5b0ba1ebe0e21b2c8d53d75f7ce01f3d10ee4f1c534eae3ad1ab"},"/Users/joel/Workspace/purescript-roman/output/Control.Comonad/index.js":{"path":"/Users/joel/Workspace/purescript-roman/output/Control.Comonad/index.js","statementMap":{"0":{"start":{"line":3,"column":14},"end":{"line":6,"column":1}},"1":{"start":{"line":4,"column":4},"end":{"line":4,"column":27}},"2":{"start":{"line":5,"column":4},"end":{"line":5,"column":27}},"3":{"start":{"line":7,"column":14},"end":{"line":9,"column":1}},"4":{"start":{"line":8,"column":4},"end":{"line":8,"column":24}},"5":{"start":{"line":10,"column":0},"end":{"line":13,"column":2}}},"fnMap":{"0":{"name":"(anonymous_0)","decl":{"start":{"line":3,"column":14},"end":{"line":3,"column":15}},"loc":{"start":{"line":3,"column":42},"end":{"line":6,"column":1}},"line":3},"1":{"name":"(anonymous_1)","decl":{"start":{"line":7,"column":14},"end":{"line":7,"column":15}},"loc":{"start":{"line":7,"column":30},"end":{"line":9,"column":1}},"line":7}},"branchMap":{},"s":{"0":1,"1":5,"2":5,"3":1,"4":0,"5":1},"f":{"0":5,"1":0},"b":{},"inputSourceMap":{"mappings":";;AAmBA,cAAA;;;;AACE,cAAA;WAAA","sources":["../../.spago/control/v4.2.0/src/Control/Comonad.purs"],"names":[],"version":3,"file":"index.js"},"_coverageSchema":"1a1c01bbd47fc00a2c39e90264f33305004495a9","hash":"8c4d5a55c6f7bd7e10a93587dc6ad9e5842842c1","contentHash":"1abef7b99c2c557cd71cb445978aa7ad5a459e3213fb0ea9cdfd4d7802d56e88"},"/Users/joel/Workspace/purescript-roman/output/Effect.Ref/index.js":{"path":"/Users/joel/Workspace/purescript-roman/output/Effect.Ref/index.js","statementMap":{"0":{"start":{"line":3,"column":15},"end":{"line":3,"column":38}},"1":{"start":{"line":4,"column":19},"end":{"line":4,"column":54}},"2":{"start":{"line":5,"column":13},"end":{"line":5,"column":42}},"3":{"start":{"line":6,"column":13},"end":{"line":14,"column":1}},"4":{"start":{"line":7,"column":4},"end":{"line":13,"column":7}},"5":{"start":{"line":8,"column":22},"end":{"line":8,"column":26}},"6":{"start":{"line":9,"column":8},"end":{"line":12,"column":10}},"7":{"start":{"line":15,"column":14},"end":{"line":19,"column":1}},"8":{"start":{"line":16,"column":4},"end":{"line":18,"column":6}},"9":{"start":{"line":17,"column":8},"end":{"line":17,"column":72}},"10":{"start":{"line":20,"column":0},"end":{"line":27,"column":2}}},"fnMap":{"0":{"name":"(anonymous_0)","decl":{"start":{"line":6,"column":13},"end":{"line":6,"column":14}},"loc":{"start":{"line":6,"column":26},"end":{"line":14,"column":1}},"line":6},"1":{"name":"(anonymous_1)","decl":{"start":{"line":7,"column":31},"end":{"line":7,"column":32}},"loc":{"start":{"line":7,"column":44},"end":{"line":13,"column":5}},"line":7},"2":{"name":"(anonymous_2)","decl":{"start":{"line":15,"column":14},"end":{"line":15,"column":15}},"loc":{"start":{"line":15,"column":27},"end":{"line":19,"column":1}},"line":15},"3":{"name":"(anonymous_3)","decl":{"start":{"line":16,"column":11},"end":{"line":16,"column":12}},"loc":{"start":{"line":16,"column":24},"end":{"line":18,"column":5}},"line":16}},"branchMap":{},"s":{"0":1,"1":1,"2":1,"3":1,"4":0,"5":0,"6":0,"7":1,"8":0,"9":0,"10":1},"f":{"0":0,"1":0,"2":0,"3":0},"b":{},"inputSourceMap":{"mappings":";;;AAMA;AAAA;AAsBA,aAAA;+BACmB;QAAU,cAAK,EAAE;eAAK;mBAAS;mBAAW;;;;AAE7D,cAAA;WAAA;0DACqB,OAAO,GAAE","sources":["../../.spago/refs/v4.1.0/src/Effect/Ref.purs"],"names":[],"version":3,"file":"index.js"},"_coverageSchema":"1a1c01bbd47fc00a2c39e90264f33305004495a9","hash":"4a94084bb352e58f0be8b0f8c4c7864460a9e9ff","contentHash":"3bb86af8ac44a3a69641efa39be4e55bc46d29b1a673fca8e3f36455b5465da3"},"/Users/joel/Workspace/purescript-roman/output/Type.Equality/index.js":{"path":"/Users/joel/Workspace/purescript-roman/output/Type.Equality/index.js","statementMap":{"0":{"start":{"line":3,"column":17},"end":{"line":6,"column":1}},"1":{"start":{"line":4,"column":4},"end":{"line":4,"column":21}},"2":{"start":{"line":5,"column":4},"end":{"line":5,"column":17}},"3":{"start":{"line":7,"column":9},"end":{"line":9,"column":1}},"4":{"start":{"line":8,"column":4},"end":{"line":8,"column":19}},"5":{"start":{"line":10,"column":11},"end":{"line":14,"column":2}},"6":{"start":{"line":11,"column":4},"end":{"line":11,"column":13}},"7":{"start":{"line":13,"column":4},"end":{"line":13,"column":13}},"8":{"start":{"line":15,"column":11},"end":{"line":17,"column":1}},"9":{"start":{"line":16,"column":4},"end":{"line":16,"column":21}},"10":{"start":{"line":18,"column":0},"end":{"line":23,"column":2}}},"fnMap":{"0":{"name":"(anonymous_0)","decl":{"start":{"line":3,"column":17},"end":{"line":3,"column":18}},"loc":{"start":{"line":3,"column":37},"end":{"line":6,"column":1}},"line":3},"1":{"name":"(anonymous_1)","decl":{"start":{"line":7,"column":9},"end":{"line":7,"column":10}},"loc":{"start":{"line":7,"column":25},"end":{"line":9,"column":1}},"line":7},"2":{"name":"(anonymous_2)","decl":{"start":{"line":10,"column":26},"end":{"line":10,"column":27}},"loc":{"start":{"line":10,"column":39},"end":{"line":12,"column":1}},"line":10},"3":{"name":"(anonymous_3)","decl":{"start":{"line":12,"column":3},"end":{"line":12,"column":4}},"loc":{"start":{"line":12,"column":16},"end":{"line":14,"column":1}},"line":12},"4":{"name":"(anonymous_4)","decl":{"start":{"line":15,"column":11},"end":{"line":15,"column":12}},"loc":{"start":{"line":15,"column":27},"end":{"line":17,"column":1}},"line":15}},"branchMap":{},"s":{"0":1,"1":1,"2":1,"3":1,"4":0,"5":1,"6":0,"7":0,"8":1,"9":0,"10":1},"f":{"0":1,"1":0,"2":0,"3":0,"4":0},"b":{},"inputSourceMap":{"mappings":";;AAgBA,iBAAA;;;;AACE,SAAA;WAAA;;AAGF,0BAAA;WAEW;GAFX;WACS;;AAHP,WAAA;WAAA","sources":["../../.spago/type-equality/v3.0.0/src/Type/Equality.purs"],"names":[],"version":3,"file":"index.js"},"_coverageSchema":"1a1c01bbd47fc00a2c39e90264f33305004495a9","hash":"809c7d8a8464b081d647f8614fbe11e55a99cc21","contentHash":"dfaefb725ffbca70b4e0b5260296c26b4e34403ab9f74bcdcfb5a89463fa7b41"},"/Users/joel/Workspace/purescript-roman/output/Data.Roman.Convert/index.js":{"path":"/Users/joel/Workspace/purescript-roman/output/Data.Roman.Convert/index.js","statementMap":{"0":{"start":{"line":3,"column":17},"end":{"line":3,"column":50}},"1":{"start":{"line":4,"column":24},"end":{"line":4,"column":64}},"2":{"start":{"line":5,"column":19},"end":{"line":5,"column":54}},"3":{"start":{"line":6,"column":14},"end":{"line":6,"column":44}},"4":{"start":{"line":7,"column":20},"end":{"line":7,"column":56}},"5":{"start":{"line":8,"column":24},"end":{"line":8,"column":64}},"6":{"start":{"line":9,"column":17},"end":{"line":9,"column":50}},"7":{"start":{"line":10,"column":15},"end":{"line":10,"column":46}},"8":{"start":{"line":11,"column":25},"end":{"line":11,"column":66}},"9":{"start":{"line":12,"column":23},"end":{"line":12,"column":62}},"10":{"start":{"line":13,"column":24},"end":{"line":13,"column":64}},"11":{"start":{"line":14,"column":17},"end":{"line":14,"column":50}},"12":{"start":{"line":15,"column":19},"end":{"line":15,"column":513}},"13":{"start":{"line":16,"column":14},"end":{"line":16,"column":57}},"14":{"start":{"line":17,"column":19},"end":{"line":17,"column":67}},"15":{"start":{"line":18,"column":16},"end":{"line":28,"column":1}},"16":{"start":{"line":19,"column":4},"end":{"line":21,"column":5}},"17":{"start":{"line":20,"column":8},"end":{"line":20,"column":21}},"18":{"start":{"line":22,"column":4},"end":{"line":26,"column":5}},"19":{"start":{"line":23,"column":20},"end":{"line":23,"column":112}},"20":{"start":{"line":24,"column":24},"end":{"line":24,"column":37}},"21":{"start":{"line":25,"column":8},"end":{"line":25,"column":60}},"22":{"start":{"line":27,"column":4},"end":{"line":27,"column":134}},"23":{"start":{"line":29,"column":17},"end":{"line":41,"column":1}},"24":{"start":{"line":30,"column":4},"end":{"line":32,"column":5}},"25":{"start":{"line":31,"column":8},"end":{"line":31,"column":21}},"26":{"start":{"line":33,"column":4},"end":{"line":39,"column":5}},"27":{"start":{"line":34,"column":20},"end":{"line":36,"column":11}},"28":{"start":{"line":35,"column":12},"end":{"line":35,"column":54}},"29":{"start":{"line":37,"column":24},"end":{"line":37,"column":60}},"30":{"start":{"line":38,"column":8},"end":{"line":38,"column":61}},"31":{"start":{"line":40,"column":4},"end":{"line":40,"column":134}},"32":{"start":{"line":42,"column":14},"end":{"line":46,"column":1}},"33":{"start":{"line":43,"column":4},"end":{"line":45,"column":64}},"34":{"start":{"line":44,"column":8},"end":{"line":44,"column":39}},"35":{"start":{"line":47,"column":16},"end":{"line":51,"column":6}},"36":{"start":{"line":48,"column":4},"end":{"line":50,"column":6}},"37":{"start":{"line":49,"column":8},"end":{"line":49,"column":32}},"38":{"start":{"line":52,"column":18},"end":{"line":56,"column":5}},"39":{"start":{"line":53,"column":4},"end":{"line":55,"column":6}},"40":{"start":{"line":54,"column":8},"end":{"line":54,"column":38}},"41":{"start":{"line":57,"column":16},"end":{"line":61,"column":1}},"42":{"start":{"line":58,"column":4},"end":{"line":60,"column":57}},"43":{"start":{"line":59,"column":8},"end":{"line":59,"column":42}},"44":{"start":{"line":62,"column":0},"end":{"line":72,"column":2}}},"fnMap":{"0":{"name":"(anonymous_0)","decl":{"start":{"line":18,"column":16},"end":{"line":18,"column":17}},"loc":{"start":{"line":18,"column":29},"end":{"line":28,"column":1}},"line":18},"1":{"name":"(anonymous_1)","decl":{"start":{"line":29,"column":17},"end":{"line":29,"column":18}},"loc":{"start":{"line":29,"column":30},"end":{"line":41,"column":1}},"line":29},"2":{"name":"(anonymous_2)","decl":{"start":{"line":34,"column":88},"end":{"line":34,"column":89}},"loc":{"start":{"line":34,"column":101},"end":{"line":36,"column":9}},"line":34},"3":{"name":"(anonymous_3)","decl":{"start":{"line":42,"column":14},"end":{"line":42,"column":15}},"loc":{"start":{"line":42,"column":27},"end":{"line":46,"column":1}},"line":42},"4":{"name":"(anonymous_4)","decl":{"start":{"line":43,"column":36},"end":{"line":43,"column":37}},"loc":{"start":{"line":43,"column":49},"end":{"line":45,"column":5}},"line":43},"5":{"name":"(anonymous_5)","decl":{"start":{"line":47,"column":65},"end":{"line":47,"column":66}},"loc":{"start":{"line":47,"column":80},"end":{"line":51,"column":1}},"line":47},"6":{"name":"(anonymous_6)","decl":{"start":{"line":48,"column":11},"end":{"line":48,"column":12}},"loc":{"start":{"line":48,"column":24},"end":{"line":50,"column":5}},"line":48},"7":{"name":"(anonymous_7)","decl":{"start":{"line":52,"column":67},"end":{"line":52,"column":68}},"loc":{"start":{"line":52,"column":82},"end":{"line":56,"column":1}},"line":52},"8":{"name":"(anonymous_8)","decl":{"start":{"line":53,"column":11},"end":{"line":53,"column":12}},"loc":{"start":{"line":53,"column":24},"end":{"line":55,"column":5}},"line":53},"9":{"name":"(anonymous_9)","decl":{"start":{"line":57,"column":16},"end":{"line":57,"column":17}},"loc":{"start":{"line":57,"column":29},"end":{"line":61,"column":1}},"line":57},"10":{"name":"(anonymous_10)","decl":{"start":{"line":58,"column":36},"end":{"line":58,"column":37}},"loc":{"start":{"line":58,"column":49},"end":{"line":60,"column":5}},"line":58}},"branchMap":{"0":{"loc":{"start":{"line":19,"column":4},"end":{"line":21,"column":5}},"type":"if","locations":[{"start":{"line":19,"column":4},"end":{"line":21,"column":5}},{"start":{"line":19,"column":4},"end":{"line":21,"column":5}}],"line":19},"1":{"loc":{"start":{"line":22,"column":4},"end":{"line":26,"column":5}},"type":"if","locations":[{"start":{"line":22,"column":4},"end":{"line":26,"column":5}},{"start":{"line":22,"column":4},"end":{"line":26,"column":5}}],"line":22},"2":{"loc":{"start":{"line":30,"column":4},"end":{"line":32,"column":5}},"type":"if","locations":[{"start":{"line":30,"column":4},"end":{"line":32,"column":5}},{"start":{"line":30,"column":4},"end":{"line":32,"column":5}}],"line":30},"3":{"loc":{"start":{"line":33,"column":4},"end":{"line":39,"column":5}},"type":"if","locations":[{"start":{"line":33,"column":4},"end":{"line":39,"column":5}},{"start":{"line":33,"column":4},"end":{"line":39,"column":5}}],"line":33}},"s":{"0":1,"1":1,"2":1,"3":1,"4":1,"5":1,"6":1,"7":1,"8":1,"9":1,"10":1,"11":1,"12":1,"13":1,"14":1,"15":1,"16":563,"17":141,"18":422,"19":422,"20":422,"21":422,"22":0,"23":1,"24":563,"25":141,"26":422,"27":422,"28":5486,"29":422,"30":422,"31":0,"32":1,"33":713,"34":141,"35":1,"36":563,"37":563,"38":1,"39":563,"40":563,"41":1,"42":713,"43":141,"44":1},"f":{"0":563,"1":563,"2":5486,"3":713,"4":141,"5":563,"6":563,"7":563,"8":563,"9":713,"10":141},"b":{"0":[141,422],"1":[422,0],"2":[141,422],"3":[422,0]},"inputSourceMap":{"mappings":";;AAAA;AAAA;AAAA;AAAA;AAAA;AAAA;AAAA;AAAA;AAAA;AAAA;AAAA;AAAA;AAYA,mGAIQ,uBAAQ,KAAI,yBACJ,MAAK,yBACL,KAAI,yBACJ,MAAK,yBACL,KAAI,0BACJ,MAAK,0BACL,KAAI,0BACJ,MAAK,0BACL,KAAI,2BACJ,MAAK,2BACL,KAAI,2BACJ,MAAK,2BACL,KAAI;AAIpB,4CACqB;AAErB,sDAC+B;AAoB/B,gBAAA;IACU,mEAAV,GACW;eAAe,EAD1B;;IAAU;QAIN,iCAAkB,sDAAmB,cAJzC;QAMI,gBANJ,IAMoB,QAAJ;+BAJK,OAAO,UAAU;;gHAFtC;;AAVA,iBAAA;IACW,sEAAX,GACW;eAAU,EADrB;;IAAW;QAIP,iCAAkB,sCAAqB,SAAS;gDAAiB,GAJrE;;QAMI,2CAAsB,OAN1B;+BAEqB,OAAO,WAAW;;gHAFvC;;AAVA,cAAA;oCACwB;eAAM,UAAY,UAAU;8CAAwB,GAAE;;AAK9E,iEACmB;WAAA;eAAU,MAAO,QAAQ;;GAAG;AAoB/C,mEACqB;WAAA;eAAU,MAAM,UAAU,KAAhB;;GAAmB;AAzBlD,gBAAA;oCAC0B;eAAM,YAAc,WAAW;uCAAiB,GAAE","sources":["../../src/Data/Roman/Convert.purs"],"names":[],"version":3,"file":"index.js"},"_coverageSchema":"1a1c01bbd47fc00a2c39e90264f33305004495a9","hash":"61abe5ac4dd435589143ab0fb5effa3f3714992e","contentHash":"728e620b3e71d41fc94a690f6f0d8bf98ba6ff549c671472d5ee1db779ca43cd"},"/Users/joel/Workspace/purescript-roman/output/Control.MonadPlus/index.js":{"path":"/Users/joel/Workspace/purescript-roman/output/Control.MonadPlus/index.js","statementMap":{"0":{"start":{"line":3,"column":24},"end":{"line":3,"column":64}},"1":{"start":{"line":4,"column":16},"end":{"line":6,"column":1}},"2":{"start":{"line":5,"column":4},"end":{"line":5,"column":33}},"3":{"start":{"line":7,"column":21},"end":{"line":9,"column":2}},"4":{"start":{"line":8,"column":4},"end":{"line":8,"column":44}},"5":{"start":{"line":10,"column":0},"end":{"line":13,"column":2}}},"fnMap":{"0":{"name":"(anonymous_0)","decl":{"start":{"line":4,"column":16},"end":{"line":4,"column":17}},"loc":{"start":{"line":4,"column":38},"end":{"line":6,"column":1}},"line":4},"1":{"name":"(anonymous_1)","decl":{"start":{"line":7,"column":35},"end":{"line":7,"column":36}},"loc":{"start":{"line":7,"column":47},"end":{"line":9,"column":1}},"line":7}},"branchMap":{},"s":{"0":1,"1":1,"2":3,"3":1,"4":0,"5":1},"f":{"0":3,"1":0},"b":{},"inputSourceMap":{"mappings":";;AAAA;AA4BA,gBAAA;;;AAEA,mCAAA","sources":["../../.spago/control/v4.2.0/src/Control/MonadPlus.purs"],"names":[],"version":3,"file":"index.js"},"_coverageSchema":"1a1c01bbd47fc00a2c39e90264f33305004495a9","hash":"3498f539cdd9b067d91503441777446c73729743","contentHash":"27a0b683fb5e1d0964ca9605adb7d2df17c2fd9544d9638c84f518e283772c8e"},"/Users/joel/Workspace/purescript-roman/output/Global/index.js":{"path":"/Users/joel/Workspace/purescript-roman/output/Global/index.js","statementMap":{"0":{"start":{"line":3,"column":15},"end":{"line":3,"column":38}},"1":{"start":{"line":4,"column":20},"end":{"line":4,"column":56}},"2":{"start":{"line":5,"column":17},"end":{"line":5,"column":50}},"3":{"start":{"line":6,"column":18},"end":{"line":10,"column":1}},"4":{"start":{"line":7,"column":4},"end":{"line":9,"column":6}},"5":{"start":{"line":8,"column":8},"end":{"line":8,"column":125}},"6":{"start":{"line":11,"column":14},"end":{"line":15,"column":1}},"7":{"start":{"line":12,"column":4},"end":{"line":14,"column":6}},"8":{"start":{"line":13,"column":8},"end":{"line":13,"column":121}},"9":{"start":{"line":16,"column":20},"end":{"line":20,"column":1}},"10":{"start":{"line":17,"column":4},"end":{"line":19,"column":6}},"11":{"start":{"line":18,"column":8},"end":{"line":18,"column":127}},"12":{"start":{"line":21,"column":27},"end":{"line":23,"column":1}},"13":{"start":{"line":22,"column":4},"end":{"line":22,"column":120}},"14":{"start":{"line":24,"column":18},"end":{"line":26,"column":1}},"15":{"start":{"line":25,"column":4},"end":{"line":25,"column":111}},"16":{"start":{"line":27,"column":27},"end":{"line":29,"column":1}},"17":{"start":{"line":28,"column":4},"end":{"line":28,"column":120}},"18":{"start":{"line":30,"column":18},"end":{"line":32,"column":1}},"19":{"start":{"line":31,"column":4},"end":{"line":31,"column":111}},"20":{"start":{"line":33,"column":0},"end":{"line":47,"column":2}}},"fnMap":{"0":{"name":"(anonymous_0)","decl":{"start":{"line":6,"column":18},"end":{"line":6,"column":19}},"loc":{"start":{"line":6,"column":36},"end":{"line":10,"column":1}},"line":6},"1":{"name":"(anonymous_1)","decl":{"start":{"line":7,"column":11},"end":{"line":7,"column":12}},"loc":{"start":{"line":7,"column":24},"end":{"line":9,"column":5}},"line":7},"2":{"name":"(anonymous_2)","decl":{"start":{"line":11,"column":14},"end":{"line":11,"column":15}},"loc":{"start":{"line":11,"column":32},"end":{"line":15,"column":1}},"line":11},"3":{"name":"(anonymous_3)","decl":{"start":{"line":12,"column":11},"end":{"line":12,"column":12}},"loc":{"start":{"line":12,"column":24},"end":{"line":14,"column":5}},"line":12},"4":{"name":"(anonymous_4)","decl":{"start":{"line":16,"column":20},"end":{"line":16,"column":21}},"loc":{"start":{"line":16,"column":38},"end":{"line":20,"column":1}},"line":16},"5":{"name":"(anonymous_5)","decl":{"start":{"line":17,"column":11},"end":{"line":17,"column":12}},"loc":{"start":{"line":17,"column":24},"end":{"line":19,"column":5}},"line":17},"6":{"name":"(anonymous_6)","decl":{"start":{"line":21,"column":27},"end":{"line":21,"column":28}},"loc":{"start":{"line":21,"column":40},"end":{"line":23,"column":1}},"line":21},"7":{"name":"(anonymous_7)","decl":{"start":{"line":24,"column":18},"end":{"line":24,"column":19}},"loc":{"start":{"line":24,"column":31},"end":{"line":26,"column":1}},"line":24},"8":{"name":"(anonymous_8)","decl":{"start":{"line":27,"column":27},"end":{"line":27,"column":28}},"loc":{"start":{"line":27,"column":40},"end":{"line":29,"column":1}},"line":27},"9":{"name":"(anonymous_9)","decl":{"start":{"line":30,"column":18},"end":{"line":30,"column":19}},"loc":{"start":{"line":30,"column":31},"end":{"line":32,"column":1}},"line":30}},"branchMap":{},"s":{"0":1,"1":1,"2":1,"3":1,"4":0,"5":0,"6":1,"7":0,"8":0,"9":1,"10":0,"11":0,"12":1,"13":0,"14":1,"15":0,"16":1,"17":0,"18":1,"19":0,"20":1},"f":{"0":0,"1":0,"2":0,"3":0,"4":0,"5":0,"6":0,"7":0,"8":0,"9":0},"b":{},"inputSourceMap":{"mappings":";;;AAEA;AAAA;AA6DA,kBAAA;WAAA;kHACgE,QAAO;;;AAfvE,cAAA;WAAA;8GACwD,QAAO;;;AAM/D,oBAAA;WAAA;oHACoE,QAAO;;;AAkC3E,2BAAA;qHACuE;;AAXvE,kBAAA;4GACqD;;AAIrD,2BAAA;qHACuE;;AAXvE,kBAAA;4GACqD","sources":["../../.spago/globals/v5.0.0/src/Global.purs"],"names":[],"version":3,"file":"index.js"},"_coverageSchema":"1a1c01bbd47fc00a2c39e90264f33305004495a9","hash":"21c0ce18add2cfc79ffd5a6b68ea37d055440cb2","contentHash":"0aeb521a4ee19ac03705acc5016909bb04361e2331a6030cbbf36e731c498623"},"/Users/joel/Workspace/purescript-roman/output/Math/index.js":{"path":"/Users/joel/Workspace/purescript-roman/output/Math/index.js","statementMap":{"0":{"start":{"line":3,"column":15},"end":{"line":3,"column":38}},"1":{"start":{"line":4,"column":0},"end":{"line":33,"column":2}}},"fnMap":{},"branchMap":{},"s":{"0":1,"1":1},"f":{},"b":{},"inputSourceMap":{"mappings":"","sources":[],"names":[],"version":3,"file":"index.js"},"_coverageSchema":"1a1c01bbd47fc00a2c39e90264f33305004495a9","hash":"948652c6573cd047e13016751da7c2859d4d52d8","contentHash":"155c4e44b7de706fea74dd3b00dd0d55a6f73d723cc793e8bcac5bd0cdec3a7d"},"/Users/joel/Workspace/purescript-roman/output/Data.String.CodeUnits/index.js":{"path":"/Users/joel/Workspace/purescript-roman/output/Data.String.CodeUnits/index.js","statementMap":{"0":{"start":{"line":3,"column":15},"end":{"line":3,"column":38}},"1":{"start":{"line":4,"column":19},"end":{"line":4,"column":54}},"2":{"start":{"line":5,"column":17},"end":{"line":5,"column":50}},"3":{"start":{"line":6,"column":25},"end":{"line":6,"column":66}},"4":{"start":{"line":7,"column":13},"end":{"line":15,"column":1}},"5":{"start":{"line":8,"column":4},"end":{"line":10,"column":5}},"6":{"start":{"line":9,"column":8},"end":{"line":9,"column":40}},"7":{"start":{"line":11,"column":4},"end":{"line":14,"column":7}},"8":{"start":{"line":16,"column":13},"end":{"line":16,"column":82}},"9":{"start":{"line":17,"column":16},"end":{"line":21,"column":1}},"10":{"start":{"line":18,"column":4},"end":{"line":20,"column":6}},"11":{"start":{"line":19,"column":8},"end":{"line":19,"column":60}},"12":{"start":{"line":22,"column":16},"end":{"line":26,"column":1}},"13":{"start":{"line":23,"column":4},"end":{"line":25,"column":6}},"14":{"start":{"line":24,"column":8},"end":{"line":24,"column":60}},"15":{"start":{"line":27,"column":18},"end":{"line":36,"column":1}},"16":{"start":{"line":28,"column":4},"end":{"line":35,"column":6}},"17":{"start":{"line":29,"column":17},"end":{"line":29,"column":85}},"18":{"start":{"line":30,"column":17},"end":{"line":30,"column":31}},"19":{"start":{"line":31,"column":8},"end":{"line":33,"column":9}},"20":{"start":{"line":32,"column":12},"end":{"line":32,"column":50}},"21":{"start":{"line":34,"column":8},"end":{"line":34,"column":40}},"22":{"start":{"line":37,"column":18},"end":{"line":46,"column":1}},"23":{"start":{"line":38,"column":4},"end":{"line":45,"column":6}},"24":{"start":{"line":39,"column":17},"end":{"line":39,"column":58}},"25":{"start":{"line":40,"column":18},"end":{"line":40,"column":33}},"26":{"start":{"line":41,"column":8},"end":{"line":43,"column":9}},"27":{"start":{"line":42,"column":12},"end":{"line":42,"column":49}},"28":{"start":{"line":44,"column":8},"end":{"line":44,"column":40}},"29":{"start":{"line":47,"column":12},"end":{"line":69,"column":1}},"30":{"start":{"line":48,"column":4},"end":{"line":68,"column":6}},"31":{"start":{"line":49,"column":8},"end":{"line":67,"column":10}},"32":{"start":{"line":50,"column":20},"end":{"line":50,"column":38}},"33":{"start":{"line":51,"column":23},"end":{"line":59,"column":13}},"34":{"start":{"line":52,"column":16},"end":{"line":54,"column":17}},"35":{"start":{"line":53,"column":20},"end":{"line":53,"column":37}},"36":{"start":{"line":55,"column":16},"end":{"line":57,"column":17}},"37":{"start":{"line":56,"column":20},"end":{"line":56,"column":29}},"38":{"start":{"line":58,"column":16},"end":{"line":58,"column":151}},"39":{"start":{"line":60,"column":26},"end":{"line":60,"column":33}},"40":{"start":{"line":61,"column":26},"end":{"line":61,"column":33}},"41":{"start":{"line":62,"column":22},"end":{"line":62,"column":106}},"42":{"start":{"line":63,"column":12},"end":{"line":65,"column":13}},"43":{"start":{"line":64,"column":16},"end":{"line":64,"column":48}},"44":{"start":{"line":66,"column":12},"end":{"line":66,"column":68}},"45":{"start":{"line":70,"column":24},"end":{"line":70,"column":108}},"46":{"start":{"line":71,"column":18},"end":{"line":71,"column":92}},"47":{"start":{"line":72,"column":20},"end":{"line":72,"column":100}},"48":{"start":{"line":73,"column":14},"end":{"line":73,"column":84}},"49":{"start":{"line":74,"column":16},"end":{"line":78,"column":1}},"50":{"start":{"line":75,"column":4},"end":{"line":77,"column":6}},"51":{"start":{"line":76,"column":8},"end":{"line":76,"column":60}},"52":{"start":{"line":79,"column":16},"end":{"line":83,"column":1}},"53":{"start":{"line":80,"column":4},"end":{"line":82,"column":6}},"54":{"start":{"line":81,"column":8},"end":{"line":81,"column":60}},"55":{"start":{"line":84,"column":15},"end":{"line":89,"column":1}},"56":{"start":{"line":85,"column":14},"end":{"line":85,"column":26}},"57":{"start":{"line":86,"column":4},"end":{"line":88,"column":6}},"58":{"start":{"line":87,"column":8},"end":{"line":87,"column":43}},"59":{"start":{"line":90,"column":13},"end":{"line":90,"column":82}},"60":{"start":{"line":91,"column":0},"end":{"line":115,"column":2}}},"fnMap":{"0":{"name":"(anonymous_0)","decl":{"start":{"line":7,"column":13},"end":{"line":7,"column":14}},"loc":{"start":{"line":7,"column":26},"end":{"line":15,"column":1}},"line":7},"1":{"name":"(anonymous_1)","decl":{"start":{"line":17,"column":16},"end":{"line":17,"column":17}},"loc":{"start":{"line":17,"column":29},"end":{"line":21,"column":1}},"line":17},"2":{"name":"(anonymous_2)","decl":{"start":{"line":18,"column":11},"end":{"line":18,"column":12}},"loc":{"start":{"line":18,"column":24},"end":{"line":20,"column":5}},"line":18},"3":{"name":"(anonymous_3)","decl":{"start":{"line":22,"column":16},"end":{"line":22,"column":17}},"loc":{"start":{"line":22,"column":29},"end":{"line":26,"column":1}},"line":22},"4":{"name":"(anonymous_4)","decl":{"start":{"line":23,"column":11},"end":{"line":23,"column":12}},"loc":{"start":{"line":23,"column":24},"end":{"line":25,"column":5}},"line":23},"5":{"name":"(anonymous_5)","decl":{"start":{"line":27,"column":18},"end":{"line":27,"column":19}},"loc":{"start":{"line":27,"column":31},"end":{"line":36,"column":1}},"line":27},"6":{"name":"(anonymous_6)","decl":{"start":{"line":28,"column":11},"end":{"line":28,"column":12}},"loc":{"start":{"line":28,"column":26},"end":{"line":35,"column":5}},"line":28},"7":{"name":"(anonymous_7)","decl":{"start":{"line":37,"column":18},"end":{"line":37,"column":19}},"loc":{"start":{"line":37,"column":31},"end":{"line":46,"column":1}},"line":37},"8":{"name":"(anonymous_8)","decl":{"start":{"line":38,"column":11},"end":{"line":38,"column":12}},"loc":{"start":{"line":38,"column":26},"end":{"line":45,"column":5}},"line":38},"9":{"name":"(anonymous_9)","decl":{"start":{"line":47,"column":12},"end":{"line":47,"column":13}},"loc":{"start":{"line":47,"column":25},"end":{"line":69,"column":1}},"line":47},"10":{"name":"(anonymous_10)","decl":{"start":{"line":48,"column":11},"end":{"line":48,"column":12}},"loc":{"start":{"line":48,"column":24},"end":{"line":68,"column":5}},"line":48},"11":{"name":"(anonymous_11)","decl":{"start":{"line":49,"column":15},"end":{"line":49,"column":16}},"loc":{"start":{"line":49,"column":28},"end":{"line":67,"column":9}},"line":49},"12":{"name":"(anonymous_12)","decl":{"start":{"line":51,"column":23},"end":{"line":51,"column":24}},"loc":{"start":{"line":51,"column":36},"end":{"line":59,"column":13}},"line":51},"13":{"name":"(anonymous_13)","decl":{"start":{"line":74,"column":16},"end":{"line":74,"column":17}},"loc":{"start":{"line":74,"column":29},"end":{"line":78,"column":1}},"line":74},"14":{"name":"(anonymous_14)","decl":{"start":{"line":75,"column":11},"end":{"line":75,"column":12}},"loc":{"start":{"line":75,"column":24},"end":{"line":77,"column":5}},"line":75},"15":{"name":"(anonymous_15)","decl":{"start":{"line":79,"column":16},"end":{"line":79,"column":17}},"loc":{"start":{"line":79,"column":29},"end":{"line":83,"column":1}},"line":79},"16":{"name":"(anonymous_16)","decl":{"start":{"line":80,"column":11},"end":{"line":80,"column":12}},"loc":{"start":{"line":80,"column":24},"end":{"line":82,"column":5}},"line":80},"17":{"name":"(anonymous_17)","decl":{"start":{"line":84,"column":15},"end":{"line":84,"column":16}},"loc":{"start":{"line":84,"column":30},"end":{"line":89,"column":1}},"line":84},"18":{"name":"(anonymous_18)","decl":{"start":{"line":86,"column":11},"end":{"line":86,"column":12}},"loc":{"start":{"line":86,"column":26},"end":{"line":88,"column":5}},"line":86}},"branchMap":{"0":{"loc":{"start":{"line":8,"column":4},"end":{"line":10,"column":5}},"type":"if","locations":[{"start":{"line":8,"column":4},"end":{"line":10,"column":5}},{"start":{"line":8,"column":4},"end":{"line":10,"column":5}}],"line":8},"1":{"loc":{"start":{"line":31,"column":8},"end":{"line":33,"column":9}},"type":"if","locations":[{"start":{"line":31,"column":8},"end":{"line":33,"column":9}},{"start":{"line":31,"column":8},"end":{"line":33,"column":9}}],"line":31},"2":{"loc":{"start":{"line":41,"column":8},"end":{"line":43,"column":9}},"type":"if","locations":[{"start":{"line":41,"column":8},"end":{"line":43,"column":9}},{"start":{"line":41,"column":8},"end":{"line":43,"column":9}}],"line":41},"3":{"loc":{"start":{"line":52,"column":16},"end":{"line":54,"column":17}},"type":"if","locations":[{"start":{"line":52,"column":16},"end":{"line":54,"column":17}},{"start":{"line":52,"column":16},"end":{"line":54,"column":17}}],"line":52},"4":{"loc":{"start":{"line":55,"column":16},"end":{"line":57,"column":17}},"type":"if","locations":[{"start":{"line":55,"column":16},"end":{"line":57,"column":17}},{"start":{"line":55,"column":16},"end":{"line":57,"column":17}}],"line":55},"5":{"loc":{"start":{"line":62,"column":22},"end":{"line":62,"column":106}},"type":"binary-expr","locations":[{"start":{"line":62,"column":22},"end":{"line":62,"column":33}},{"start":{"line":62,"column":38},"end":{"line":62,"column":50}},{"start":{"line":62,"column":55},"end":{"line":62,"column":66}},{"start":{"line":62,"column":71},"end":{"line":62,"column":82}},{"start":{"line":62,"column":86},"end":{"line":62,"column":103}}],"line":62},"6":{"loc":{"start":{"line":63,"column":12},"end":{"line":65,"column":13}},"type":"if","locations":[{"start":{"line":63,"column":12},"end":{"line":65,"column":13}},{"start":{"line":63,"column":12},"end":{"line":65,"column":13}}],"line":63}},"s":{"0":1,"1":1,"2":1,"3":1,"4":1,"5":0,"6":0,"7":0,"8":1,"9":1,"10":0,"11":0,"12":1,"13":0,"14":0,"15":1,"16":0,"17":0,"18":0,"19":0,"20":0,"21":0,"22":1,"23":0,"24":0,"25":0,"26":0,"27":0,"28":0,"29":1,"30":628,"31":628,"32":628,"33":628,"34":1256,"35":0,"36":1256,"37":1256,"38":0,"39":628,"40":628,"41":628,"42":628,"43":0,"44":628,"45":1,"46":1,"47":1,"48":1,"49":1,"50":0,"51":0,"52":1,"53":0,"54":0,"55":1,"56":0,"57":0,"58":0,"59":1,"60":1},"f":{"0":0,"1":0,"2":0,"3":0,"4":0,"5":0,"6":0,"7":0,"8":0,"9":628,"10":628,"11":628,"12":1256,"13":0,"14":0,"15":0,"16":0,"17":0,"18":0},"b":{"0":[0,0],"1":[0,0],"2":[0,0],"3":[0,1256],"4":[1256,0],"5":[628,628,628,628,628],"6":[0,628]},"inputSourceMap":{"mappings":";;;AAAA;AAAA;AAAA;AA2IA,aAAA;IACO,IAAP;;;IACO,2BAAU;wCAAiB,GADlC;4BACqD,GADrD;;;AAlBA;AA4IA,gBAAA;WAAA;kDACkC,GAAE,IAAG;;;AAXvC,gBAAA;WAAA;6CAC6B,KAAI,IAAX,GAAc;;;AAnMpC,kBAAA;WAAA;QAAA,0CACA,uBAAA,KACmC,GADnC;iBADA,aACA;QAEE;uCAHF;;QAGE;;;AAhBF,kBAAA;WAAA;QAAA,0CACA,IAAA;kBADA,cACA;QAEE;uCAHF;;QAGE;;;AA+PF,YAAA;WAAA;eAAA;YAOI,wBAAW;YACX,WAAA;gBAAK,IAAL,IAAa;2BAAI,IAAjB,IAAiB;;gBAAZ;2BAAL;;iIAAA;;YAGA,cAAK,KAAK;YADV,cAAK,KAAK;sBATG,UAAK,MAAK,WAAM,MAChB,UAAK,MAAK,UAAM,KAChB,UAAK;YAFR;;;YAAA,8CAIkB,GAAE,GAAE;;;;AAjFpC;AArBA;AAnBA;AAnBA;AAwHA,gBAAA;WAAA;kDACkC,GAAE,IAAG;;;AAVvC,gBAAA;WAAA;6CAC6B,KAAI,IAAX,GAAc;;;AAnNpC,eAAA;IACe,UAAW,QAAQ;WAAnB,eAAA;iCAAW,IAAX;;;AAmCf","sources":["../../.spago/strings/v4.0.2/src/Data/String/CodeUnits.purs"],"names":[],"version":3,"file":"index.js"},"_coverageSchema":"1a1c01bbd47fc00a2c39e90264f33305004495a9","hash":"f5683eb6e08468507fc507407ea0f09b93f37c89","contentHash":"a6fbb73d30e75fa17b3080ad828f5fccd0266d9c219d75ef454fdbd1eee6cd3b"},"/Users/joel/Workspace/purescript-roman/output/Data.String.Unsafe/index.js":{"path":"/Users/joel/Workspace/purescript-roman/output/Data.String.Unsafe/index.js","statementMap":{"0":{"start":{"line":3,"column":15},"end":{"line":3,"column":38}},"1":{"start":{"line":4,"column":0},"end":{"line":7,"column":2}}},"fnMap":{},"branchMap":{},"s":{"0":1,"1":1},"f":{},"b":{},"inputSourceMap":{"mappings":"","sources":[],"names":[],"version":3,"file":"index.js"},"_coverageSchema":"1a1c01bbd47fc00a2c39e90264f33305004495a9","hash":"8340fbc7a2646bf79b183c555242a9d476f80e46","contentHash":"cfef83303431e9bc1fc63a7d9e9d1999763e3cdafa66f96c61dfd177d58f9eb5"},"/Users/joel/Workspace/purescript-roman/output/Data.String.Common/index.js":{"path":"/Users/joel/Workspace/purescript-roman/output/Data.String.Common/index.js","statementMap":{"0":{"start":{"line":3,"column":15},"end":{"line":3,"column":38}},"1":{"start":{"line":4,"column":20},"end":{"line":4,"column":56}},"2":{"start":{"line":5,"column":13},"end":{"line":7,"column":1}},"3":{"start":{"line":6,"column":4},"end":{"line":6,"column":20}},"4":{"start":{"line":8,"column":20},"end":{"line":8,"column":118}},"5":{"start":{"line":9,"column":0},"end":{"line":19,"column":2}}},"fnMap":{"0":{"name":"(anonymous_0)","decl":{"start":{"line":5,"column":13},"end":{"line":5,"column":14}},"loc":{"start":{"line":5,"column":26},"end":{"line":7,"column":1}},"line":5}},"branchMap":{},"s":{"0":1,"1":1,"2":1,"3":0,"4":1,"5":1},"f":{"0":0},"b":{},"inputSourceMap":{"mappings":";;;AAAA;AAsBA,aAAA;WACS,MAAK;;AAUd","sources":["../../.spago/strings/v4.0.2/src/Data/String/Common.purs"],"names":[],"version":3,"file":"index.js"},"_coverageSchema":"1a1c01bbd47fc00a2c39e90264f33305004495a9","hash":"06861d59def2adc82bd43ecbf6f6be14ff167b19","contentHash":"a5ad6198e6ed39a93eea526a7efbe384342acd098dcd890e5cba12b84355e863"},"/Users/joel/Workspace/purescript-roman/output/Data.String.Regex/index.js":{"path":"/Users/joel/Workspace/purescript-roman/output/Data.String.Regex/index.js","statementMap":{"0":{"start":{"line":3,"column":15},"end":{"line":3,"column":38}},"1":{"start":{"line":4,"column":18},"end":{"line":4,"column":52}},"2":{"start":{"line":5,"column":17},"end":{"line":5,"column":50}},"3":{"start":{"line":6,"column":16},"end":{"line":6,"column":48}},"4":{"start":{"line":7,"column":28},"end":{"line":7,"column":72}},"5":{"start":{"line":8,"column":30},"end":{"line":8,"column":76}},"6":{"start":{"line":9,"column":16},"end":{"line":9,"column":58}},"7":{"start":{"line":10,"column":13},"end":{"line":10,"column":82}},"8":{"start":{"line":11,"column":20},"end":{"line":11,"column":38}},"9":{"start":{"line":12,"column":18},"end":{"line":39,"column":1}},"10":{"start":{"line":13,"column":4},"end":{"line":38,"column":12}},"11":{"start":{"line":14,"column":8},"end":{"line":16,"column":9}},"12":{"start":{"line":15,"column":12},"end":{"line":15,"column":23}},"13":{"start":{"line":17,"column":8},"end":{"line":17,"column":18}},"14":{"start":{"line":19,"column":8},"end":{"line":21,"column":9}},"15":{"start":{"line":20,"column":12},"end":{"line":20,"column":23}},"16":{"start":{"line":22,"column":8},"end":{"line":22,"column":18}},"17":{"start":{"line":24,"column":8},"end":{"line":26,"column":9}},"18":{"start":{"line":25,"column":12},"end":{"line":25,"column":23}},"19":{"start":{"line":27,"column":8},"end":{"line":27,"column":18}},"20":{"start":{"line":29,"column":8},"end":{"line":31,"column":9}},"21":{"start":{"line":30,"column":12},"end":{"line":30,"column":23}},"22":{"start":{"line":32,"column":8},"end":{"line":32,"column":18}},"23":{"start":{"line":34,"column":8},"end":{"line":36,"column":9}},"24":{"start":{"line":35,"column":12},"end":{"line":35,"column":23}},"25":{"start":{"line":37,"column":8},"end":{"line":37,"column":18}},"26":{"start":{"line":40,"column":12},"end":{"line":44,"column":1}},"27":{"start":{"line":41,"column":4},"end":{"line":43,"column":6}},"28":{"start":{"line":42,"column":8},"end":{"line":42,"column":104}},"29":{"start":{"line":45,"column":17},"end":{"line":53,"column":1}},"30":{"start":{"line":46,"column":4},"end":{"line":52,"column":7}},"31":{"start":{"line":54,"column":12},"end":{"line":54,"column":80}},"32":{"start":{"line":55,"column":12},"end":{"line":57,"column":1}},"33":{"start":{"line":56,"column":4},"end":{"line":56,"column":77}},"34":{"start":{"line":58,"column":0},"end":{"line":71,"column":2}}},"fnMap":{"0":{"name":"(anonymous_0)","decl":{"start":{"line":12,"column":18},"end":{"line":12,"column":19}},"loc":{"start":{"line":12,"column":31},"end":{"line":39,"column":1}},"line":12},"1":{"name":"(anonymous_1)","decl":{"start":{"line":13,"column":12},"end":{"line":13,"co
[...]
e":7,"column":8},"end":{"line":9,"column":11}},"5":{"start":{"line":8,"column":12},"end":{"line":8,"column":23}},"6":{"start":{"line":12,"column":22},"end":{"line":16,"column":1}},"7":{"start":{"line":13,"column":4},"end":{"line":15,"column":7}},"8":{"start":{"line":14,"column":8},"end":{"line":14,"column":40}},"9":{"start":{"line":17,"column":0},"end":{"line":21,"column":2}}},"fnMap":{"0":{"name":"(anonymous_0)","decl":{"start":{"line":5,"column":27},"end":{"line":5,"column":28}},"loc":{"start":{"line":5,"column":40},"end":{"line":11,"column":1}},"line":5},"1":{"name":"(anonymous_1)","decl":{"start":{"line":6,"column":11},"end":{"line":6,"column":12}},"loc":{"start":{"line":6,"column":24},"end":{"line":10,"column":5}},"line":6},"2":{"name":"(anonymous_2)","decl":{"start":{"line":7,"column":38},"end":{"line":7,"column":39}},"loc":{"start":{"line":7,"column":61},"end":{"line":9,"column":9}},"line":7},"3":{"name":"(anonymous_3)","decl":{"start":{"line":12,"column":22},"end":{"line":12,"column":23}},"loc":{"start":{"line":12,"column":37},"end":{"line":16,"column":1}},"line":12},"4":{"name":"(anonymous_4)","decl":{"start":{"line":13,"column":34},"end":{"line":13,"column":35}},"loc":{"start":{"line":13,"column":57},"end":{"line":15,"column":5}},"line":13}},"branchMap":{},"s":{"0":1,"1":1,"2":1,"3":0,"4":0,"5":0,"6":1,"7":0,"8":0,"9":1},"f":{"0":0,"1":0,"2":0,"3":0,"4":0},"b":{},"inputSourceMap":{"mappings":";;;AAEA;AAYA,2BAAA;WAAA;sCAC2B;mBAAc;;;;AAGzC,sBAAA;kCACsB;mCAAyB","sources":["../../.spago/partial/v2.0.1/src/Partial/Unsafe.purs"],"names":[],"version":3,"file":"index.js"},"_coverageSchema":"1a1c01bbd47fc00a2c39e90264f33305004495a9","hash":"06bc426759ec1546facda1a5d50eb1f2b0facbba","contentHash":"eb474883144d49992eb1936d07bc9074d39de0d777c73bc71568044c92567cde"},"/Users/joel/Workspace/purescript-roman/output/Partial/index.js":{"path":"/Users/joel/Workspace/purescript-roman/output/Partial/index.js","statementMap":{"0":{"start":{"line":3,"column":15},"end":{"line":3,"column":38}},"1":{"start":{"line":4,"column":12},"end":{"line":6,"column":1}},"2":{"start":{"line":5,"column":4},"end":{"line":5,"column":67}},"3":{"start":{"line":7,"column":0},"end":{"line":10,"column":2}}},"fnMap":{"0":{"name":"(anonymous_0)","decl":{"start":{"line":4,"column":12},"end":{"line":4,"column":13}},"loc":{"start":{"line":4,"column":35},"end":{"line":6,"column":1}},"line":4}},"branchMap":{},"s":{"0":1,"1":1,"2":0,"3":1},"f":{"0":0},"b":{},"inputSourceMap":{"mappings":";;;AAOA,YAAA;gCACkB","sources":["../../.spago/partial/v2.0.1/src/Partial.purs"],"names":[],"version":3,"file":"index.js"},"_coverageSchema":"1a1c01bbd47fc00a2c39e90264f33305004495a9","hash":"ec1b1fb879bfb9cfdd18c74a60eeba318dcb97a8","contentHash":"d75035a8e54781f728f8463bd266bc1484127441c497d842a6007e992ddc77f0"},"/Users/joel/Workspace/purescript-roman/output/Test.Generate/index.js":{"path":"/Users/joel/Workspace/purescript-roman/output/Test.Generate/index.js","statementMap":{"0":{"start":{"line":3,"column":20},"end":{"line":3,"column":56}},"1":{"start":{"line":4,"column":24},"end":{"line":4,"column":64}},"2":{"start":{"line":5,"column":15},"end":{"line":5,"column":46}},"3":{"start":{"line":6,"column":26},"end":{"line":6,"column":68}},"4":{"start":{"line":7,"column":25},"end":{"line":7,"column":66}},"5":{"start":{"line":8,"column":17},"end":{"line":8,"column":50}},"6":{"start":{"line":9,"column":18},"end":{"line":9,"column":52}},"7":{"start":{"line":10,"column":31},"end":{"line":19,"column":1}},"8":{"start":{"line":11,"column":4},"end":{"line":14,"column":9}},"9":{"start":{"line":15,"column":4},"end":{"line":18,"column":9}},"10":{"start":{"line":20,"column":19},"end":{"line":20,"column":43}},"11":{"start":{"line":21,"column":0},"end":{"line":24,"column":2}}},"fnMap":{"0":{"name":"__do","decl":{"start":{"line":10,"column":40},"end":{"line":10,"column":44}},"loc":{"start":{"line":10,"column":47},"end":{"line":19,"column":1}},"line":10}},"branchMap":{},"s":{"0":1,"1":1,"2":1,"3":1,"4":1,"5":1,"6":1,"7":1,"8":1,"9":1,"10":1,"11":1},"f":{"0":1},"b":{},"inputSourceMap":{"mappings":";;AAAA;AAAA;AAAA;AAAA;AAAA;AAAA;AAAA;AAcA,+BAEE;oGACE;yDAA+B;;;2GAI/B;yDAA+B,EAAE,KAAK,KAAK,KAAK,KAAK,KAAK,KAAK,KAAK,MAAM;kGAIhE,uBAAQ,KAAI,yBACJ,MAAK,yBACL,KAAI,yBACJ,MAAK,yBACL,KAAI,0BACJ,MAAK,0BACL,KAAI,0BACJ,MAAK,0BACL,KAAI,2BACJ,MAAK,2BACL,KAAI,2BACJ,MAAK,2BACL,KAAI,4BACJ,OAAM,4BACN,MAAK,4BACL,OAAM,4BACN,MAAK;;;AA/B3B,mBAEE","sources":["../../test/Generate.purs"],"names":[],"version":3,"file":"index.js"},"_coverageSchema":"1a1c01bbd47fc00a2c39e90264f33305004495a9","hash":"87850d09c870cd10ba99f46ad69fc30769acaf10","contentHash":"41acaee6d34c390a9ffc5755f72df3c87869c2b4145a16e8fff43bd6f5fdafbb"},"/Users/joel/Workspace/purescript-roman/output/Data.Roman.Generate/index.js":{"path":"/Users/joel/Workspace/purescript-roman/output/Data.Roman.Generate/index.js","statementMap":{"0":{"start":{"line":3,"column":20},"end":{"line":3,"column":56}},"1":{"start":{"line":4,"column":24},"end":{"line":4,"column":64}},"2":{"start":{"line":5,"column":25},"end":{"line":5,"column":66}},"3":{"start":{"line":6,"column":25},"end":{"line":6,"column":66}},"4":{"start":{"line":7,"column":21},"end":{"line":7,"column":58}},"5":{"start":{"line":8,"column":27},"end":{"line":15,"column":1}},"6":{"start":{"line":9,"column":19},"end":{"line":13,"column":5}},"7":{"start":{"line":10,"column":8},"end":{"line":12,"column":10}},"8":{"start":{"line":11,"column":12},"end":{"line":11,"column":134}},"9":{"start":{"line":14,"column":4},"end":{"line":14,"column":143}},"10":{"start":{"line":16,"column":0},"end":{"line":18,"column":2}}},"fnMap":{"0":{"name":"(anonymous_0)","decl":{"start":{"line":8,"column":27},"end":{"line":8,"column":28}},"loc":{"start":{"line":8,"column":46},"end":{"line":15,"column":1}},"line":8},"1":{"name":"(anonymous_1)","decl":{"start":{"line":9,"column":19},"end":{"line":9,"column":20}},"loc":{"start":{"line":9,"column":34},"end":{"line":13,"column":5}},"line":9},"2":{"name":"(anonymous_2)","decl":{"start":{"line":10,"column":15},"end":{"line":10,"column":16}},"loc":{"start":{"line":10,"column":28},"end":{"line":12,"column":9}},"line":10}},"branchMap":{},"s":{"0":1,"1":1,"2":1,"3":1,"4":1,"5":1,"6":2,"7":4,"8":4,"9":2,"10":1},"f":{"0":2,"1":4,"2":4},"b":{},"inputSourceMap":{"mappings":";;AAAA;AAAA;AAAA;AAAA;AAAA;AAQA,2BAAA;IAGE,eAAA;eAAA;mFAAwB,+CAA6B;;;4DAFlB,yEAAkD","sources":["../../src/Data/Roman/Generate.purs"],"names":[],"version":3,"file":"index.js"},"_coverageSchema":"1a1c01bbd47fc00a2c39e90264f33305004495a9","hash":"4c64851733b52cdc66f96ab58cc43e82d57b5bea","contentHash":"5b8b992d4e98cdfcd64cb8cf4039777203128fd4e60fb5c0669d5d5c486b390e"},"/Users/joel/Workspace/purescript-roman/output/Data.Roman.Letters/index.js":{"path":"/Users/joel/Workspace/purescript-roman/output/Data.Roman.Letters/index.js","statementMap":{"0":{"start":{"line":3,"column":26},"end":{"line":3,"column":68}},"1":{"start":{"line":4,"column":19},"end":{"line":4,"column":54}},"2":{"start":{"line":5,"column":17},"end":{"line":5,"column":50}},"3":{"start":{"line":6,"column":19},"end":{"line":6,"column":54}},"4":{"start":{"line":7,"column":14},"end":{"line":7,"column":44}},"5":{"start":{"line":8,"column":25},"end":{"line":8,"column":66}},"6":{"start":{"line":9,"column":20},"end":{"line":9,"column":56}},"7":{"start":{"line":10,"column":26},"end":{"line":10,"column":68}},"8":{"start":{"line":11,"column":15},"end":{"line":11,"column":46}},"9":{"start":{"line":12,"column":24},"end":{"line":12,"column":64}},"10":{"start":{"line":13,"column":17},"end":{"line":13,"column":50}},"11":{"start":{"line":14,"column":15},"end":{"line":14,"column":46}},"12":{"start":{"line":15,"column":16},"end":{"line":15,"column":48}},"13":{"start":{"line":16,"column":23},"end":{"line":16,"column":62}},"14":{"start":{"line":17,"column":17},"end":{"line":17,"column":50}},"15":{"start":{"line":18,"column":20},"end":{"line":35,"column":4}},"16":{"start":{"line":20,"column":8},"end":{"line":20,"column":29}},"17":{"start":{"line":21,"column":8},"end":{"line":21,"column":29}},"18":{"start":{"line":22,"column":8},"end":{"line":22,"column":29}},"19":{"start":{"line":23,"column":8},"end":{"line":23,"column":29}},"20":{"start":{"line":25,"column":4},"end":{"line":33,"column":6}},"21":{"start":{"line":26,"column":8},"end":{"line":32,"column":10}},"22":{"start":{"line":27,"column":12},"end":{"line":31,"column":14}},"23":{"start":{"line":28,"column":16},"end":{"line":30,"column":18}},"24":{"start":{"line":29,"column":20},"end":{"line":29,"column":77}},"25":{"start":{"line":34,"column":4},"end":{"line":34,"column":25}},"26":{"start":{"line":36,"column":24},"end":{"line":39,"column":2}},"27":{"start":{"line":37,"column":17},"end":{"line":37,"column":322}},"28":{"start":{"line":38,"column":4},"end":{"line":38,"column":104}},"29":{"start":{"line":40,"column":25},"end":{"line":55,"column":1}},"30":{"start":{"line":41,"column":4},"end":{"line":43,"column":5}},"31":{"start":{"line":42,"column":8},"end":{"line":42,"column":20}},"32":{"start":{"line":44,"column":4},"end":{"line":53,"column":5}},"33":{"start":{"line":45,"column":18},"end":{"line":49,"column":9}},"34":{"start":{"line":46,"column":12},"end":{"line":48,"column":14}},"35":{"start":{"line":47,"column":16},"end":{"line":47,"column":74}},"36":{"start":{"line":50,"column":8},"end":{"line":52,"column":11}},"37":{"start":{"line":51,"column":12},"end":{"line":51,"column":217}},"38":{"start":{"line":54,"column":4},"end":{"line":54,"column":140}},"39":{"start":{"line":56,"column":29},"end":{"line":58,"column":1}},"40":{"start":{"line":57,"column":4},"end":{"line":57,"column":368}},"41":{"start":{"line":59,"column":22},"end":{"line":63,"column":2}},"42":{"start":{"line":60,"column":4},"end":{"line":62,"column":6}},"43":{"start":{"line":61,"column":8},"end":{"line":61,"column":205}},"44":{"start":{"line":64,"column":0},"end":{"line":70,"column":2}}},"fnMap":{"0":{"name":"(anonymous_0)","decl":{"start":{"line":18,"column":21},"end":{"line":18,"column":22}},"loc":{"start":{"line":18,"column":33},"end":{"line":35,"column":1}},"line":18},"1":{"name":"LetterTriplet","decl":{"start":{"line":19,"column":13},"end":{"line":19,"column":26}},"loc":{"start":{"line":19,"column":59},"end":{"line":24,"column":5}},"line":19},"2":{"name":"(anonymous_2)","decl":{"start":{"line":25,"column":27},"end":{"line":25,"column":28}},"loc":{"start":{"line":25,"column":45},"end":{"line":33,"column":5}},"line":25},"3":{"name":"(anonymous_3)","decl":{"start":{"line":26,"column":15},"end":{"line":26,"column":16}},"loc":{"start":{"line":26,"column":33},"end":{"line":32,"column":9}},"line":26},"4":{"name":"(anonymous_4)","decl":{"start":{"line":27,"column":19},"end":{"line":27,"column":20}},"loc":{"start":{"line":27,"column":37},"end":{"line":31,"column":13}},"line":27},"5":{"name":"(anonymous_5)","decl":{"start":{"line":28,"column":23},"end":{"line":28,"column":24}},"loc":{"start":{"line":28,"column":41},"end":{"line":30,"column":17}},"line":28},"6":{"name":"(anonymous_6)","decl":{"start":{"line":36,"column":43},"end":{"line":36,"column":44}},"loc":{"start":{"line":36,"column":56},"end":{"line":39,"column":1}},"line":36},"7":{"name":"(anonymous_7)","decl":{"start":{"line":40,"column":25},"end":{"line":40,"column":26}},"loc":{"start":{"line":40,"column":44},"end":{"line":55,"column":1}},"line":40},"8":{"name":"(anonymous_8)","decl":{"start":{"line":45,"column":18},"end":{"line":45,"column":19}},"loc":{"start":{"line":45,"column":33},"end":{"line":49,"column":9}},"line":45},"9":{"name":"(anonymous_9)","decl":{"start":{"line":46,"column":19},"end":{"line":46,"column":20}},"loc":{"start":{"line":46,"column":32},"end":{"line":48,"column":13}},"line":46},"10":{"name":"(anonymous_10)","decl":{"start":{"line":50,"column":178},"end":{"line":50,"column":179}},"loc":{"start":{"line":50,"column":191},"end":{"line":52,"column":9}},"line":50},"11":{"name":"(anonymous_11)","decl":{"start":{"line":56,"column":29},"end":{"line":56,"column":30}},"loc":{"start":{"line":56,"column":42},"end":{"line":58,"column":1}},"line":56},"12":{"name":"(anonymous_12)","decl":{"start":{"line":59,"column":37},"end":{"line":59,"column":38}},"loc":{"start":{"line":59,"column":50},"end":{"line":63,"column":1}},"line":59},"13":{"name":"(anonymous_13)","decl":{"start":{"line":60,"column":11},"end":{"line":60,"column":12}},"loc":{"start":{"line":60,"column":25},"end":{"line":62,"column":5}},"line":60}},"branchMap":{"0":{"loc":{"start":{"line":41,"column":4},"end":{"line":43,"column":5}},"type":"if","locations":[{"start":{"line":41,"column":4},"end":{"line":43,"column":5}},{"start":{"line":41,"column":4},"end":{"line":43,"column":5}}],"line":41},"1":{"loc":{"start":{"line":44,"column":4},"end":{"line":53,"column":5}},"type":"if","locations":[{"start":{"line":44,"column":4},"end":{"line":53,"column":5}},{"start":{"line":44,"column":4},"end":{"line":53,"column":5}}],"line":44}},"s":{"0":1,"1":1,"2":1,"3":1,"4":1,"5":1,"6":1,"7":1,"8":1,"9":1,"10":1,"11":1,"12":1,"13":1,"14":1,"15":1,"16":14,"17":14,"18":14,"19":14,"20":1,"21":0,"22":0,"23":0,"24":0,"25":1,"26":1,"27":8,"28":8,"29":1,"30":7,"31":3,"32":4,"33":4,"34":24,"35":24,"36":4,"37":8,"38":0,"39":1,"40":6,"41":1,"42":4,"43":4,"44":1},"f":{"0":1,"1":14,"2":0,"3":0,"4":0,"5":0,"6":8,"7":7,"8":24,"9":24,"10":8,"11":6,"12":4,"13":4},"b":{"0":[3,4],"1":[4,0]},"inputSourceMap":{"mappings":";;AAAA;AAAA;AAAA;AAAA;AAAA;AAAA;AAAA;AAAA;AAAA;AAAA;AAAA;AAAA;AAAA;AAAA;AAAA;AAcA;;;;;;;;;;;;;;;;;;AAYA,2CAAA;IAGI,6FAEI,uBAAQ,SAJd,gCAKc,SALd,gCAMc,QANd,gCAOc,mEAPd;gFAAuC,KAAI,MAAK,QAAO;;AAUzD,yBAAA;IACmB,sBAAnB,WACqB;eAAI;;IADN;QAWf,UAAA;mBAAA;4CAAsB,qBAAW,KAAI;;;0EARhC,iFAHT,WAGiC,IAAjB,GAAsB,KAAlC;oGAGO,IANX,SAMwB,IAAI,IAAJ,IACb,IAPX,UAOwB,IAAI,IAAJ,KAAQ,IAAR,IACb,IARX,UAQwB,IAAI,IAAJ,KAAQ,IAAR,iBACT,IAAG;;;gHATlB;;AAaA,6BAAA;IACwB,uFAGhB,uBAHR,UAGmB,IAHnB,WAGmB,yBAHnB,WAAA,UAI0B,IAJ1B,WAI0B,yBAJ1B,UAKmB,IALnB,WAKmB,yBALnB,WAAA,UAM0B,IAN1B,WAM0B,yBAN1B,UAOqB,KAPrB,WAOqB;;AA1CrB,qCAAA;WAAA;QACM,iGAEA,EAFJ,aAAA,WAAA,aAAA,WAAA,aAAA,WAAA,aAAA","sources":["../../src/Data/Roman/Letters.purs"],"names":[],"version":3,"file":"index.js"},"_coverageSchema":"1a1c01bbd47fc00a2c39e90264f33305004495a9","hash":"c12335b96d2a236923e9717a1dae3d58adfad7a4","contentHash":"4121110cfef7209d233c8792cc3a653f7528bd40dacbdceb79b256bf3a3cdca4"},"/Users/joel/Workspace/purescript-roman/output/Test.Letters/index.js":{"path":"/Users/joel/Workspace/purescript-roman/output/Test.Letters/index.js","statementMap":{"0":{"start":{"line":2,"column":14},"end":{"line":2,"column":44}},"1":{"start":{"line":3,"column":20},"end":{"line":3,"column":56}},"2":{"start":{"line":4,"column":24},"end":{"line":4,"column":64}},"3":{"start":{"line":5,"column":15},"end":{"line":5,"column":46}},"4":{"start":{"line":6,"column":25},"end":{"line":6,"column":66}},"5":{"start":{"line":7,"column":25},"end":{"line":7,"column":66}},"6":{"start":{"line":8,"column":16},"end":{"line":8,"column":48}},"7":{"start":{"line":9,"column":17},"end":{"line":9,"column":50}},"8":{"start":{"line":10,"column":18},"end":{"line":10,"column":52}},"9":{"start":{"line":11,"column":29},"end":{"line":32,"column":1}},"10":{"start":{"line":12,"column":4},"end":{"line":15,"column":9}},"11":{"start":{"line":16,"column":4},"end":{"line":19,"column":9}},"12":{"start":{"line":20,"column":4},"end":{"line":23,"column":9}},"13":{"start":{"line":24,"column":4},"end":{"line":27,"column":9}},"14":{"start":{"line":28,"column":4},"end":{"line":31,"column":9}},"15":{"start":{"line":33,"column":33},"end":{"line":42,"column":1}},"16":{"start":{"line":34,"column":4},"end":{"line":37,"column":9}},"17":{"start":{"line":38,"column":4},"end":{"line":41,"column":9}},"18":{"start":{"line":43,"column":18},"end":{"line":46,"column":1}},"19":{"start":{"line":44,"column":4},"end":{"line":44,"column":29}},"20":{"start":{"line":45,"column":4},"end":{"line":45,"column":40}},"21":{"start":{"line":47,"column":0},"end":{"line":51,"column":2}}},"fnMap":{"0":{"name":"__do","decl":{"start":{"line":11,"column":38},"end":{"line":11,"column":42}},"loc":{"start":{"line":11,"column":45},"end":{"line":32,"column":1}},"line":11},"1":{"name":"__do","decl":{"start":{"line":33,"column":42},"end":{"line":33,"column":46}},"loc":{"start":{"line":33,"column":49},"end":{"line":42,"column":1}},"line":33},"2":{"name":"__do","decl":{"start":{"line":43,"column":27},"end":{"line":43,"column":31}},"loc":{"start":{"line":43,"column":34},"end":{"line":46,"column":1}},"line":43}},"branchMap":{},"s":{"0":1,"1":1,"2":1,"3":1,"4":1,"5":1,"6":1,"7":1,"8":1,"9":1,"10":1,"11":1,"12":1,"13":1,"14":1,"15":1,"16":1,"17":1,"18":1,"19":1,"20":1,"21":1},"f":{"0":1,"1":1,"2":1},"b":{},"_coverageSchema":"1a1c01bbd47fc00a2c39e90264f33305004495a9","hash":"387d0fce84afa1874b88f31302167f083c17cf78","contentHash":"ffd7ce4ec82425ead3b0c4264f2d1ba0c8bfb0197df623063b11ab0dcb7264d2"},"/Users/joel/Workspace/purescript-roman/output/Test.Symbols/index.js":{"path":"/Users/joel/Workspace/purescript-roman/output/Test.Symbols/index.js","statementMap":{"0":{"start":{"line":3,"column":14},"end":{"line":3,"column":44}},"1":{"start":{"line":4,"column":20},"end":{"line":4,"column":56}},"2":{"start":{"line":5,"column":24},"end":{"line":5,"column":64}},"3":{"start":{"line":6,"column":17},"end":{"line":6,"column":50}},"4":{"start":{"line":7,"column":15},"end":{"line":7,"column":46}},"5":{"start":{"line":8,"column":25},"end":{"line":8,"column":66}},"6":{"start":{"line":9,"column":16},"end":{"line":9,"column":48}},"7":{"start":{"line":10,"column":17},"end":{"line":10,"column":50}},"8":{"start":{"line":11,"column":18},"end":{"line":11,"column":52}},"9":{"start":{"line":12,"column":26},"end":{"line":12,"column":199}},"10":{"start":{"line":13,"column":26},"end":{"line":16,"column":2}},"11":{"start":{"line":17,"column":21},"end":{"line":20,"column":2}},"12":{"start":{"line":21,"column":23},"end":{"line":30,"column":1}},"13":{"start":{"line":22,"column":4},"end":{"line":25,"column":9}},"14":{"start":{"line":26,"column":4},"end":{"line":29,"column":9}},"15":{"start":{"line":31,"column":30},"end":{"line":40,"column":1}},"16":{"start":{"line":32,"column":4},"end":{"line":35,"column":9}},"17":{"start":{"line":36,"column":4},"end":{"line":39,"column":9}},"18":{"start":{"line":41,"column":18},"end":{"line":46,"column":1}},"19":{"start":{"line":42,"column":4},"end":{"line":42,"column":21}},"20":{"start":{"line":43,"column":4},"end":{"line":43,"column":26}},"21":{"start":{"line":44,"column":4},"end":{"line":44,"column":23}},"22":{"start":{"line":45,"column":4},"end":{"line":45,"column":37}},"23":{"start":{"line":47,"column":0},"end":{"line":54,"column":2}}},"fnMap":{"0":{"name":"__do","decl":{"start":{"line":21,"column":32},"end":{"line":21,"column":36}},"loc":{"start":{"line":21,"column":39},"end":{"line":30,"column":1}},"line":21},"1":{"name":"__do","decl":{"start":{"line":31,"column":39},"end":{"line":31,"column":43}},"loc":{"start":{"line":31,"column":46},"end":{"line":40,"column":1}},"line":31},"2":{"name":"__do","decl":{"start":{"line":41,"column":27},"end":{"line":41,"column":31}},"loc":{"start":{"line":41,"column":34},"end":{"line":46,"column":1}},"line":41}},"branchMap":{},"s":{"0":1,"1":1,"2":1,"3":1,"4":1,"5":1,"6":1,"7":1,"8":1,"9":1,"10":1,"11":1,"12":1,"13":1,"14":1,"15":1,"16":1,"17":1,"18":1,"19":1,"20":1,"21":1,"22":1,"23":1},"f":{"0":1,"1":1,"2":1},"b":{},"inputSourceMap":{"mappings":";;AAAA;AAAA;AAAA;AAAA;AAAA;AAAA;AAAA;AAAA;AAAA;AAiBA,0GAIQ,uBAAQ,KAAI,yBACJ,KAAI,yBACJ,KAAI;AAWpB,0HAGI;+CAA0B;cACd,EAAE,GAAG,GAAG;;AAXxB,2HAGI;0CAAqB;cACT,EAAE,KAAK,KAAK;;AAU5B,uBAEE;wGACE;gDAAuB,KAAI;sCACV;;+GAGjB;gDAAuB,KAAI;;;;AAI/B,8BAEE;8GACE;uDAA8B,GAAE;sCACf;;qHAGjB;uDAA8B,GAAE;;;;AAjDpC,kBAEE;IAAA;IACA;IACA;WACA","sources":["../../test/Symbols.purs"],"names":[],"version":3,"file":"index.js"},"_coverageSchema":"1a1c01bbd47fc00a2c39e90264f33305004495a9","hash":"8f7a7a02d10cf1acd42dee70c6d25ba575aa5751","contentHash":"fc11afa819baea9775f4c6a64adad06c5d731291f36302203b1667b60dc8d578"}}